#
# A fatal error has been detected by the Java Runtime Environment:
#
#  Internal Error (jvmciRuntime.cpp:1609), pid=21, tid=37
#  fatal error: Fatal exception in JVMCI: Error calling jdk.vm.ci.services.Services.serializeSavedProperties
#
# JRE version: OpenJDK Runtime Environment GraalVM CE 22.3.0 (17.0.5+8) (build 17.0.5+8-jvmci-22.3-b08)
# Java VM: OpenJDK 64-Bit Server VM GraalVM CE 22.3.0 (17.0.5+8-jvmci-22.3-b08, mixed mode, sharing, tiered, jvmci, jvmci compiler, compressed oops, compressed class ptrs, parallel gc, linux-amd64)
# Problematic frame:
# V  [libjvm.so+0x972714]  JVMCIRuntime::fatal_exception(JVMCIEnv*, char const*)+0x74
#
# Core dump will be written. Default location: Core dumps may be processed with "/usr/share/apport/apport -p%p -s%s -c%c -d%d -P%P -u%u -g%g -- %E" (or dumping to /home/runner/Connect4V3/core.21)
#
# If you would like to submit a bug report, please visit:
#   https://github.com/oracle/graal/issues
#

---------------  S U M M A R Y ------------

Command Line: -XX:ThreadPriorityPolicy=1 -XX:+UnlockExperimentalVMOptions -XX:+EnableJVMCIProduct -XX:JVMCIThreadsPerNativeLibraryRuntime=1 -XX:-UnlockExperimentalVMOptions -Declipse.application=org.eclipse.jdt.ls.core.id1 -Dosgi.bundles.defaultStartLevel=4 -Declipse.product=org.eclipse.jdt.ls.core.product -Dlog.level=ALL -Xverify:none -XX:+UseParallelGC -XX:GCTimeRatio=4 -XX:AdaptiveSizePolicyWeight=90 -Dsun.zip.disableMemoryMapping=true -Xmx512m -Xms100m /nix/store/m6gcpi1ii6rghy04cjwjddcavv7i90df-jdt-language-server-1.9.0/share/java/plugins/org.eclipse.equinox.launcher_1.6.400.v20210924-0641.jar --add-modules=ALL-SYSTEM --add-opens java.base/java.util=ALL-UNNAMED --add-opens java.base/java.lang=ALL-UNNAMED -configuration /home/runner/.cache/jdt-language-server/config -data /home/runner/.cache/jdt-language-server/data/home/runner/Connect4V3

Host: AMD EPYC 7B12, 8 cores, 1G, Ubuntu 20.04.2 LTS
Time: Fri Jan 20 15:37:04 2023 UTC elapsed time: 550.952140 seconds (0d 0h 9m 10s)

---------------  T H R E A D  ---------------

Current thread (0x00007f18c80b2200):  JavaThread "JVMCI-native CompilerThread0" daemon [_thread_in_vm, id=37, stack(0x00007f18ccc48000,0x00007f18cce48000)]


Current CompileTask:
JVMCI-native: 550952 7388       4       java.util.concurrent.locks.AbstractQueuedSynchronizer::release (19 bytes)

Stack: [0x00007f18ccc48000,0x00007f18cce48000],  sp=0x00007f18cce46380,  free space=2040k
Native frames: (J=compiled Java code, j=interpreted, Vv=VM code, C=native code)
V  [libjvm.so+0x972714]  JVMCIRuntime::fatal_exception(JVMCIEnv*, char const*)+0x74
V  [libjvm.so+0x93e2fe]  JVMCIEnv::copy_saved_properties()+0x14e
V  [libjvm.so+0x9732a9]  JVMCIRuntime::initialize(JVMCIEnv*)+0xb19
V  [libjvm.so+0x9738a2]  JVMCIRuntime::get_HotSpotJVMCIRuntime(JVMCIEnv*)+0x12
V  [libjvm.so+0x9749f2]  JVMCIRuntime::compile_method(JVMCIEnv*, JVMCICompiler*, methodHandle const&, int)+0xd2
V  [libjvm.so+0x5b0d20]  CompileBroker::invoke_compiler_on_method(CompileTask*)+0x1470
V  [libjvm.so+0x5b12e8]  CompileBroker::compiler_thread_loop()+0x528
V  [libjvm.so+0xd82460]  JavaThread::thread_main_inner()+0xd0
V  [libjvm.so+0xd85a40]  Thread::call_run()+0xc0
V  [libjvm.so+0xbdb1e1]  thread_native_entry(Thread*)+0xe1

Register to memory mapping:

RAX=0x00007f18cfdb3000 points into unknown readable memory: 0x0000000000000058 | 58 00 00 00 00 00 00 00
RBX=0x00007f18d0eae398: <offset 0x0000000000ef5398> in /nix/store/gpxl5qgg8kicmcvivwmybwjlpf7wh20l-graalvm17-ce-22.3.0/lib/server/libjvm.so at 0x00007f18cffb9000
RCX=0x00007f18d0e661e8: <offset 0x0000000000ead1e8> in /nix/store/gpxl5qgg8kicmcvivwmybwjlpf7wh20l-graalvm17-ce-22.3.0/lib/server/libjvm.so at 0x00007f18cffb9000
RDX=0x0000000000000649 is an unknown value
RSP=0x00007f18cce46380 is pointing into the stack for thread: 0x00007f18c80b2200
RBP=0x00007f18cce463a0 is pointing into the stack for thread: 0x00007f18c80b2200
RSI=0x00007f18d0eaec48: <offset 0x0000000000ef5c48> in /nix/store/gpxl5qgg8kicmcvivwmybwjlpf7wh20l-graalvm17-ce-22.3.0/lib/server/libjvm.so at 0x00007f18cffb9000
RDI=0x00000000e0000000 is an oop: [B 
{0x00000000e0000000} - klass: {type array byte}
 - length: 13
R8 =0x00007f18d0eae398: <offset 0x0000000000ef5398> in /nix/store/gpxl5qgg8kicmcvivwmybwjlpf7wh20l-graalvm17-ce-22.3.0/lib/server/libjvm.so at 0x00007f18cffb9000
R9 =0x0000000000000003 is an unknown value
R10=0x00007f18d11ffda0: <offset 0x0000000001246da0> in /nix/store/gpxl5qgg8kicmcvivwmybwjlpf7wh20l-graalvm17-ce-22.3.0/lib/server/libjvm.so at 0x00007f18cffb9000
R11=0x000000080044f048 is pointing into metadata
R12=0x0 is NULL
R13=0x00007f18c80b2200 is a thread
R14=0x00007f18c8000b80 points into unknown readable memory: 0x00007f18d10dfa38 | 38 fa 0d d1 18 7f 00 00
R15=0x00007f18d11ede40: <offset 0x0000000001234e40> in /nix/store/gpxl5qgg8kicmcvivwmybwjlpf7wh20l-graalvm17-ce-22.3.0/lib/server/libjvm.so at 0x00007f18cffb9000


Registers:
RAX=0x00007f18cfdb3000, RBX=0x00007f18d0eae398, RCX=0x00007f18d0e661e8, RDX=0x0000000000000649
RSP=0x00007f18cce46380, RBP=0x00007f18cce463a0, RSI=0x00007f18d0eaec48, RDI=0x00000000e0000000
R8 =0x00007f18d0eae398, R9 =0x0000000000000003, R10=0x00007f18d11ffda0, R11=0x000000080044f048
R12=0x0000000000000000, R13=0x00007f18c80b2200, R14=0x00007f18c8000b80, R15=0x00007f18d11ede40
RIP=0x00007f18d092b714, EFLAGS=0x0000000000010206, CSGSFS=0x002b000000000033, ERR=0x0000000000000006
  TRAPNO=0x000000000000000e

Top of Stack: (sp=0x00007f18cce46380)
0x00007f18cce46380:   00007f18cce46940 00007f18c80b2200
0x00007f18cce46390:   00007f18ce7448c8 0000000800c417a0
0x00007f18cce463a0:   00007f18cce46500 00007f18d08f72fe
0x00007f18cce463b0:   00007f18cce463e0 00007f18cce46440 

Instructions: (pc=0x00007f18d092b714)
0x00007f18d092b614:   30 e8 f6 cf e8 ff 4c 89 e7 e8 2e 48 d1 ff 84 db
0x00007f18d092b624:   75 2a 4d 85 ed 74 04 4d 8b 6d 00 48 83 c4 08 44
0x00007f18d092b634:   89 f9 4c 89 f2 4c 89 ee 5b 4c 89 e7 41 5c 41 5d
0x00007f18d092b644:   41 5e 41 5f 5d e9 e2 47 d1 ff 66 90 48 83 c4 08
0x00007f18d092b654:   5b 41 5c 41 5d 41 5e 41 5f 5d c3 90 31 d2 be 08
0x00007f18d092b664:   00 00 00 4c 89 ff e8 b1 78 a3 ff 49 89 c5 e9 37
0x00007f18d092b674:   ff ff ff 66 0f 1f 84 00 00 00 00 00 48 8b 7a 08
0x00007f18d092b684:   e9 6d ff ff ff 0f 1f 80 00 00 00 00 e8 5b 48 0a
0x00007f18d092b694:   00 84 c0 75 89 e9 6a ff ff ff 66 90 55 48 89 e5
0x00007f18d092b6a4:   41 56 41 55 41 54 49 89 fc 53 48 89 f3 66 48 8d
0x00007f18d092b6b4:   3d 27 5e 85 00 66 66 48 e8 df 43 8d ff 4c 8b 28
0x00007f18d092b6c4:   8b 05 be 72 8a 00 85 c0 75 14 ba 01 00 00 00 48
0x00007f18d092b6d4:   8d 0d ae 72 8a 00 f0 0f b1 11 85 c0 74 4e be c8
0x00007f18d092b6e4:   00 00 00 4c 89 ef e8 01 0b 41 00 48 8d 05 12 ac
0x00007f18d092b6f4:   85 00 49 89 d8 48 8d 0d e8 aa 53 00 ba 49 06 00
0x00007f18d092b704:   00 48 8d 35 3c 35 58 00 bf 00 00 00 e0 48 8b 00
0x00007f18d092b714:   c6 00 58 31 c0 e8 e2 91 c6 ff 5b 41 5c 41 5d 41
0x00007f18d092b724:   5e 5d e9 55 34 26 00 0f 1f 44 00 00 48 8d 05 81
0x00007f18d092b734:   a3 8b 00 48 89 df 4c 8b 30 e8 9e 43 8d ff 48 89
0x00007f18d092b744:   de 48 89 c2 49 8b 06 4c 89 f7 ff 50 08 4c 89 f7
0x00007f18d092b754:   e8 a7 5c 27 00 4d 85 e4 74 12 be 01 00 00 00 4c
0x00007f18d092b764:   89 e7 e8 35 43 fc ff eb 82 0f 1f 00 be 01 00 00
0x00007f18d092b774:   00 4c 89 ef e8 d3 fd ff ff e9 6d ff ff ff 66 66
0x00007f18d092b784:   2e 0f 1f 84 00 00 00 00 00 0f 1f 00 55 48 89 e5
0x00007f18d092b794:   41 57 41 56 41 55 41 54 53 48 81 ec 08 02 00 00
0x00007f18d092b7a4:   64 48 8b 04 25 28 00 00 00 48 89 45 c8 8b 07 83
0x00007f18d092b7b4:   f8 02 0f 84 11 04 00 00 4c 8b 6f 18 49 89 ff 49
0x00007f18d092b7c4:   89 f4 4d 85 ed 74 14 4c 89 ef e8 5d 57 22 00 41
0x00007f18d092b7d4:   8b 07 83 f8 02 0f 84 19 04 00 00 48 8d 1d 9a 06
0x00007f18d092b7e4:   8a 00 4c 8d 35 0b 3c 58 00 eb 38 90 48 85 d2 7f
0x00007f18d092b7f4:   0d 48 8d 05 b4 c0 85 00 48 83 38 00 7e 0e 41 8b
0x00007f18d092b804:   77 2c 4c 89 f7 31 c0 e8 a0 b2 f7 ff 49 8b 7f 18 


Stack slot to memory mapping:
stack at sp + 0 slots: 0x00007f18cce46940 is pointing into the stack for thread: 0x00007f18c80b2200
stack at sp + 1 slots: 0x00007f18c80b2200 is a thread
stack at sp + 2 slots: 0x00007f18ce7448c8 points into unknown readable memory: 0x6573001880c9ffff | ff ff c9 80 18 00 73 65
stack at sp + 3 slots: 0x0000000800c417a0 is a pointer to class: 
jdk.vm.ci.services.Services {0x0000000800c417a0}
 - instance size:     2
 - klass size:        65
 - access:            public final synchronized 
 - state:             fully_initialized
 - name:              'jdk/vm/ci/services/Services'
 - super:             'java/lang/Object'
 - sub:               
 - arrays:            NULL
 - methods:           Array<T>(0x00007f18cd843f10)
 - method ordering:   Array<T>(0x0000000800928960)
 - default_methods:   Array<T>(0x0000000000000000)
 - local interfaces:  Array<T>(0x00000008005ce810)
 - trans. interfaces: Array<T>(0x00000008005ce810)
 - constants:         constant pool [427] {0x00007f18cd842ff0} for 'jdk/vm/ci/services/Services' cache=0x00007f18cd8451e0
 - class loader data:  loader data: 0x00007f18c80283f0 of 'bootstrap'
 - source file:       'Services.java'
 - class annotations:       Array<T>(0x0000000000000000)
 - class type annotations:  Array<T>(0x0000000000000000)
 - field annotations:       Array<T>(0x0000000000000000)
 - field type annotations:  Array<T>(0x0000000000000000)
 - inner classes:     Array<T>(0x00007f18cd8451b0)
 - nest members:     Array<T>(0x00007f18cd8451d0)
 - permitted subclasses:     Array<T>(0x00000008005ce7a0)
 - java mirror:       a 'java/lang/Class'{0x00000000e017b360} = 'jdk/vm/ci/services/Services'
 - vtable length      5  (start addr: 0x0000000800c41970)
 - itable length      2 (start addr: 0x0000000800c41998)
 - ---- static fields (3 words):
 - public static final 'IS_BUILDING_NATIVE_IMAGE' 'Z' @128 
 - public static final 'IS_IN_NATIVE_IMAGE' 'Z' @129 
 - private static volatile 'savedProperties' 'Ljava/util/Map;' @112 
 - static final 'JVMCI_ENABLED' 'Z' @130 
 - private static final 'servicesCache' 'Ljava/util/Map;' @116 
 - private static final 'MAX_UNICODE_IN_UTF8_LENGTH' 'I' @120 
 - private static final 'MAX_UTF8_PROPERTY_STRING_LENGTH' 'I' @124 
 - ---- non-static fields (0 words):
 - non-static oop maps: 
stack at sp + 4 slots: 0x00007f18cce46500 is pointing into the stack for thread: 0x00007f18c80b2200
stack at sp + 5 slots: 0x00007f18d08f72fe: <offset 0x000000000093e2fe> in /nix/store/gpxl5qgg8kicmcvivwmybwjlpf7wh20l-graalvm17-ce-22.3.0/lib/server/libjvm.so at 0x00007f18cffb9000
stack at sp + 6 slots: 0x00007f18cce463e0 is pointing into the stack for thread: 0x00007f18c80b2200
stack at sp + 7 slots: 0x00007f18cce46440 is pointing into the stack for thread: 0x00007f18c80b2200


---------------  P R O C E S S  ---------------

Threads class SMR info:
_java_thread_list=0x00007f18482deba0, length=25, elements={
0x00007f18c8026690, 0x00007f18c80a64d0, 0x00007f18c80a7910, 0x00007f18c80ae070,
0x00007f18c80af420, 0x00007f18c80b0810, 0x00007f18c80b2200, 0x00007f18c80b3710,
0x00007f18c80b4b60, 0x00007f18c80d8110, 0x00007f18c811f890, 0x00007f18c8308960,
0x00007f18c8336330, 0x00007f18c8338e20, 0x00007f18c85fd030, 0x00007f1860017130,
0x00007f18602a1390, 0x00007f1860304bf0, 0x00007f18480010d0, 0x00007f1860480bb0,
0x00007f1860686b30, 0x00007f18c83e61a0, 0x00007f18c83a9740, 0x00007f1830000ff0,
0x00007f184832ba40
}

Java Threads: ( => current thread )
  0x00007f18c8026690 JavaThread "main" [_thread_blocked, id=29, stack(0x00007f18cfdd4000,0x00007f18cfed4000)]
  0x00007f18c80a64d0 JavaThread "Reference Handler" daemon [_thread_blocked, id=32, stack(0x00007f18cd52e000,0x00007f18cd62e000)]
  0x00007f18c80a7910 JavaThread "Finalizer" daemon [_thread_blocked, id=33, stack(0x00007f18cd42e000,0x00007f18cd52e000)]
  0x00007f18c80ae070 JavaThread "Signal Dispatcher" daemon [_thread_blocked, id=34, stack(0x00007f18cd048000,0x00007f18cd148000)]
  0x00007f18c80af420 JavaThread "Service Thread" daemon [_thread_blocked, id=35, stack(0x00007f18ccf48000,0x00007f18cd048000)]
  0x00007f18c80b0810 JavaThread "Monitor Deflation Thread" daemon [_thread_blocked, id=36, stack(0x00007f18cce48000,0x00007f18ccf48000)]
=>0x00007f18c80b2200 JavaThread "JVMCI-native CompilerThread0" daemon [_thread_in_vm, id=37, stack(0x00007f18ccc48000,0x00007f18cce48000)]
  0x00007f18c80b3710 JavaThread "C1 CompilerThread0" daemon [_thread_blocked, id=38, stack(0x00007f18cca48000,0x00007f18ccc48000)]
  0x00007f18c80b4b60 JavaThread "Sweeper thread" daemon [_thread_blocked, id=39, stack(0x00007f18cc948000,0x00007f18cca48000)]
  0x00007f18c80d8110 JavaThread "Common-Cleaner" daemon [_thread_blocked, id=40, stack(0x00007f18cc848000,0x00007f18cc948000)]
  0x00007f18c811f890 JavaThread "Notification Thread" daemon [_thread_blocked, id=41, stack(0x00007f18cc748000,0x00007f18cc848000)]
  0x00007f18c8308960 JavaThread "Active Thread: Equinox Container: 8a8c4db4-da72-4af1-9ffc-aa64becfbf05" [_thread_blocked, id=45, stack(0x00007f18cc400000,0x00007f18cc500000)]
  0x00007f18c8336330 JavaThread "Framework Event Dispatcher: Equinox Container: 8a8c4db4-da72-4af1-9ffc-aa64becfbf05" daemon [_thread_blocked, id=46, stack(0x00007f18cc200000,0x00007f18cc300000)]
  0x00007f18c8338e20 JavaThread "Start Level: Equinox Container: 8a8c4db4-da72-4af1-9ffc-aa64becfbf05" daemon [_thread_blocked, id=47, stack(0x00007f18cc000000,0x00007f18cc100000)]
  0x00007f18c85fd030 JavaThread "Refresh Thread: Equinox Container: 8a8c4db4-da72-4af1-9ffc-aa64becfbf05" daemon [_thread_blocked, id=48, stack(0x00007f18af3b3000,0x00007f18af4b3000)]
  0x00007f1860017130 JavaThread "SCR Component Actor" daemon [_thread_blocked, id=49, stack(0x00007f18acf00000,0x00007f18ad000000)]
  0x00007f18602a1390 JavaThread "Worker-JM" [_thread_blocked, id=51, stack(0x00007f18acb00000,0x00007f18acc00000)]
  0x00007f1860304bf0 JavaThread "Worker-0" [_thread_blocked, id=52, stack(0x00007f18ac900000,0x00007f18aca00000)]
  0x00007f18480010d0 JavaThread "Worker-1: Java indexing... " [_thread_blocked, id=53, stack(0x00007f18ac700000,0x00007f18ac800000)]
  0x00007f1860480bb0 JavaThread "Java indexing" daemon [_thread_blocked, id=54, stack(0x00007f18ac500000,0x00007f18ac600000)]
  0x00007f1860686b30 JavaThread "Bundle File Closer" daemon [_thread_blocked, id=55, stack(0x00007f18ac300000,0x00007f18ac400000)]
  0x00007f18c83e61a0 JavaThread "pool-3-thread-1" [_thread_blocked, id=56, stack(0x00007f18ac100000,0x00007f18ac200000)]
  0x00007f18c83a9740 JavaThread "pool-2-thread-1" [_thread_in_native, id=58, stack(0x00007f18acd00000,0x00007f18ace00000)]
  0x00007f1830000ff0 JavaThread "Worker-4: Periodic workspace save." [_thread_blocked, id=60, stack(0x00007f1876900000,0x00007f1876a00000)]
  0x00007f184832ba40 JavaThread "Worker-5" [_thread_blocked, id=67, stack(0x00007f1876d00000,0x00007f1876e00000)]

Other Threads:
  0x00007f18c80a1c10 VMThread "VM Thread" [stack: 0x00007f18cd630000,0x00007f18cd730000] [id=31] _threads_hazard_ptr=0x00007f18482deba0
  0x00007f18c8121230 WatcherThread [stack: 0x00007f18cc648000,0x00007f18cc748000] [id=42]
  0x00007f18c803df30 GCTaskThread "GC Thread#0" [stack: 0x00007f18cf997000,0x00007f18cfa97000] [id=30]

Threads with active compile tasks:
JVMCI-native CompilerThread0   551018 7388       4       java.util.concurrent.locks.AbstractQueuedSynchronizer::release (19 bytes)

VM state: synchronizing (normal execution)

VM Mutex/Monitor currently owned by a thread:  ([mutex/lock_event])
[0x00007f18c8023840] Threads_lock - owner thread: 0x00007f18c80a1c10
[0x00007f18c8023ff0] Heap_lock - owner thread: 0x00007f1860480bb0

OutOfMemory and StackOverflow Exception counts:
OutOfMemoryError java_heap_errors=1
LinkageErrors=53

Heap address: 0x00000000e0000000, size: 512 MB, Compressed Oops mode: 32-bit

CDS archive(s) mapped at: [0x0000000800000000-0x0000000800bc8000-0x0000000800bc8000), size 12353536, SharedBaseAddress: 0x0000000800000000, ArchiveRelocationMode: 0.
Compressed class space mapped at: 0x0000000800c00000-0x0000000840c00000, reserved size: 1073741824
Narrow klass base: 0x0000000800000000, Narrow klass shift: 0, Narrow klass range: 0x100000000

GC Precious Log:
 CPUs: 8 total, 1 available
 Memory: 1024M
 Large Page Support: Disabled
 NUMA Support: Disabled
 Compressed Oops: Enabled (32-bit)
 Alignments: Space 512K, Generation 512K, Heap 2M
 Heap Min Capacity: 100M
 Heap Initial Capacity: 100M
 Heap Max Capacity: 512M
 Pre-touch: Disabled
 Parallel Workers: 1

Heap:
 PSYoungGen      total 90112K, used 36864K [0x00000000f5580000, 0x00000000fe280000, 0x0000000100000000)
  eden space 36864K, 100% used [0x00000000f5580000,0x00000000f7980000,0x00000000f7980000)
  from space 53248K, 0% used [0x00000000f7980000,0x00000000f7980000,0x00000000fad80000)
  to   space 23552K, 0% used [0x00000000fad80000,0x00000000fad80000,0x00000000fc480000)
 ParOldGen       total 349696K, used 349695K [0x00000000e0000000, 0x00000000f5580000, 0x00000000f5580000)
  object space 349696K, 99% used [0x00000000e0000000,0x00000000f557fff0,0x00000000f5580000)
 Metaspace       used 54004K, committed 54848K, reserved 1105920K
  class space    used 5388K, committed 5696K, reserved 1048576K

Card table byte_map: [0x00007f18cfa97000,0x00007f18cfb98000] _byte_map_base: 0x00007f18cf397000

Marking Bits: (ParMarkBitMap*) 0x00007f18d11e74c0
 Begin Bits: [0x00007f18ce8ea000, 0x00007f18cf0ea000)
 End Bits:   [0x00007f18cf0ea000, 0x00007f18cf8ea000)

Polling page: 0x00007f18cfdb1000

Metaspace:

Usage:
  Non-class:     47.48 MB used.
      Class:      5.26 MB used.
       Both:     52.74 MB used.

Virtual space:
  Non-class space:       56.00 MB reserved,      48.00 MB ( 86%) committed,  7 nodes.
      Class space:        1.00 GB reserved,       5.56 MB ( <1%) committed,  1 nodes.
             Both:        1.05 GB reserved,      53.56 MB (  5%) committed. 

Chunk freelists:
   Non-Class:  3.70 MB
       Class:  2.48 MB
        Both:  6.18 MB

MaxMetaspaceSize: unlimited
CompressedClassSpaceSize: 1.00 GB
Initial GC threshold: 21.00 MB
Current GC threshold: 89.31 MB
CDS: on
MetaspaceReclaimPolicy: balanced
 - commit_granule_bytes: 65536.
 - commit_granule_words: 8192.
 - virtual_space_node_default_size: 1048576.
 - enlarge_chunks_in_place: 1.
 - new_chunks_are_fully_committed: 0.
 - uncommit_free_chunks: 1.
 - use_allocation_guard: 0.
 - handle_deallocations: 1.


Internal statistics:

num_allocs_failed_limit: 6.
num_arena_births: 360.
num_arena_deaths: 66.
num_vsnodes_births: 8.
num_vsnodes_deaths: 0.
num_space_committed: 856.
num_space_uncommitted: 0.
num_chunks_returned_to_freelist: 89.
num_chunks_taken_from_freelist: 2368.
num_chunk_merges: 36.
num_chunk_splits: 1592.
num_chunks_enlarged: 1038.
num_purges: 8.
num_inconsistent_stats: 0.

CodeHeap 'non-profiled nmethods': size=120036Kb used=2250Kb max_used=2250Kb free=117785Kb
 bounds [0x00007f18b6f7a000, 0x00007f18b71ea000, 0x00007f18be4b3000]
CodeHeap 'profiled nmethods': size=120032Kb used=11419Kb max_used=13973Kb free=108612Kb
 bounds [0x00007f18afa42000, 0x00007f18b07f2000, 0x00007f18b6f7a000]
CodeHeap 'non-nmethods': size=5692Kb used=1367Kb max_used=1389Kb free=4324Kb
 bounds [0x00007f18af4b3000, 0x00007f18af723000, 0x00007f18afa42000]
 total_blobs=6199 nmethods=5502 adapters=611
 compilation: enabled
              stopped_count=0, restarted_count=0
 full_count=0

JVMCI Events (20 events):
Event: 68.134 Thread 0x00007f18c80b2200 compacted oop handles in JVMCI runtime 0 from 96 to 95
Event: 68.134 Thread 0x00007f18c80b2200 compacted oop handles in JVMCI runtime 0 from 96 to 88
Event: 68.298 Thread 0x00007f18c80b2200 compacted oop handles in JVMCI runtime 0 from 122 to 108
Event: 68.403 Thread 0x00007f18c80b2200 compacted oop handles in JVMCI runtime 0 from 133 to 111
Event: 68.403 Thread 0x00007f18c80b2200 compacted oop handles in JVMCI runtime 0 from 112 to 86
Event: 70.322 Thread 0x00007f18c80b2200 compacted oop handles in JVMCI runtime 0 from 99 to 92
Event: 70.322 Thread 0x00007f18c80b2200 compacted oop handles in JVMCI runtime 0 from 93 to 92
Event: 70.424 Thread 0x00007f18c80b2200 compacted oop handles in JVMCI runtime 0 from 94 to 93
Event: 70.425 Thread 0x00007f18c80b2200 compacted oop handles in JVMCI runtime 0 from 94 to 78
Event: 71.432 Thread 0x00007f18c80b2200 detaching from JVMCI runtime 0: releasing idle compiler thread (0 other threads still attached)
Event: 71.432 Thread 0x00007f18c80b2200 shutting down HotSpotJVMCIRuntime for JVMCI runtime 0
Event: 71.432 Thread 0x00007f18c80b2200 shut down JVMCI runtime 0
Event: 71.440 Thread 0x00007f18c80b2200 destroyed JavaVM[1]@0x00007f1877a9e340 for JVMCI runtime 0
Event: 71.440 Thread 0x00007f18c80b2200 compacted oop handles in JVMCI runtime 0 from 82 to 82
Event: 71.440 Thread 0x00007f18c80b2200 releasing handles for JVMCI runtime 0: oop handles=82, metadata handles={total=992, live=341, blocks=31}
Event: 71.440 Thread 0x00007f18c80b2200 detached from JVMCI runtime 0
Event: 501.022 Thread 0x00007f18c80b2200 attached to JVMCI runtime 0
Event: 501.023 Thread 0x00007f18c80b2200 created JavaVM[2]@0x00007f187639e340 for JVMCI runtime 0
Event: 501.023 Thread 0x00007f18c80b2200 initializing JVMCI runtime 0
Event: 501.023 Thread 0x00007f18c80b2200 done waiting for JavaVM references initialization in JVMCI runtime 0

Compilation events (20 events):
Event: 70.424 Thread 0x00007f18c80b2200 nmethod 7364 0x00007f18b71ab610 code [0x00007f18b71ab7a0, 0x00007f18b71abb90]
Event: 70.425 Thread 0x00007f18c80b2200 7341       4       org.eclipse.jdt.internal.compiler.classfmt.ClassFileReader::getModifiers (55 bytes)
Event: 70.431 Thread 0x00007f18c80b2200 nmethod 7341 0x00007f18b71abe90 code [0x00007f18b71ac000, 0x00007f18b71ac150]
Event: 70.431 Thread 0x00007f18c80b2200 7334   !   4       org.eclipse.jdt.internal.core.search.JavaSearchDocument::getByteContents (39 bytes)
Event: 70.432 Thread 0x00007f18c80b2200 nmethod 7334 0x00007f18b70f2190 code [0x00007f18b70f2300, 0x00007f18b70f2360]
Event: 255.602 Thread 0x00007f18c80b3710 7380       3       java.util.concurrent.Executors$RunnableAdapter::call (14 bytes)
Event: 255.603 Thread 0x00007f18c80b3710 nmethod 7380 0x00007f18afd45f90 code [0x00007f18afd46140, 0x00007f18afd46480]
Event: 373.537 Thread 0x00007f18c80b3710 7381       1       java.lang.Thread::getThreadGroup (5 bytes)
Event: 373.537 Thread 0x00007f18c80b3710 nmethod 7381 0x00007f18b71ac290 code [0x00007f18b71ac420, 0x00007f18b71ac4f0]
Event: 391.051 Thread 0x00007f18c80b3710 7382       3       org.eclipse.core.runtime.SubMonitor$RootInfo::<init> (10 bytes)
Event: 391.052 Thread 0x00007f18c80b3710 nmethod 7382 0x00007f18afac1810 code [0x00007f18afac19c0, 0x00007f18afac1b30]
Event: 403.227 Thread 0x00007f18c80b3710 7383  s    3       org.eclipse.jdt.internal.core.search.processing.JobManager::currentJob (35 bytes)
Event: 403.228 Thread 0x00007f18c80b3710 nmethod 7383 0x00007f18afd66a90 code [0x00007f18afd66c60, 0x00007f18afd675b0]
Event: 413.520 Thread 0x00007f18c80b3710 7384       3       org.eclipse.core.internal.preferences.StringPool::add (59 bytes)
Event: 413.520 Thread 0x00007f18c80b3710 nmethod 7384 0x00007f18b03a1010 code [0x00007f18b03a1200, 0x00007f18b03a1bd0]
Event: 438.015 Thread 0x00007f18c80b3710 7385       3       java.util.concurrent.ThreadPoolExecutor::runStateAtLeast (11 bytes)
Event: 438.015 Thread 0x00007f18c80b3710 nmethod 7385 0x00007f18afb7cf10 code [0x00007f18afb7d0a0, 0x00007f18afb7d1f0]
Event: 486.149 Thread 0x00007f18c80b3710 7387   !   3       jdk.internal.loader.BuiltinClassLoader$2::run (114 bytes)
Event: 486.150 Thread 0x00007f18c80b3710 nmethod 7387 0x00007f18b02e2b90 code [0x00007f18b02e2e20, 0x00007f18b02e46f0]
Event: 501.022 Thread 0x00007f18c80b2200 7388       4       java.util.concurrent.locks.AbstractQueuedSynchronizer::release (19 bytes)

GC Heap History (20 events):
Event: 535.740 GC heap before
{Heap before GC invocations=388 (full 304):
 PSYoungGen      total 90112K, used 36863K [0x00000000f5580000, 0x00000000fe280000, 0x0000000100000000)
  eden space 36864K, 99% used [0x00000000f5580000,0x00000000f797fff8,0x00000000f7980000)
  from space 53248K, 0% used [0x00000000f7980000,0x00000000f7980000,0x00000000fad80000)
  to   space 23552K, 0% used [0x00000000fad80000,0x00000000fad80000,0x00000000fc480000)
 ParOldGen       total 349696K, used 349684K [0x00000000e0000000, 0x00000000f5580000, 0x00000000f5580000)
  object space 349696K, 99% used [0x00000000e0000000,0x00000000f557d328,0x00000000f5580000)
 Metaspace       used 54004K, committed 54848K, reserved 1105920K
  class space    used 5388K, committed 5696K, reserved 1048576K
}
Event: 537.353 GC heap after
{Heap after GC invocations=388 (full 304):
 PSYoungGen      total 60416K, used 36863K [0x00000000f5580000, 0x00000000fe280000, 0x0000000100000000)
  eden space 36864K, 99% used [0x00000000f5580000,0x00000000f797ffe8,0x00000000f7980000)
  from space 23552K, 0% used [0x00000000fad80000,0x00000000fad80000,0x00000000fc480000)
  to   space 53248K, 0% used [0x00000000f7980000,0x00000000f7980000,0x00000000fad80000)
 ParOldGen       total 349696K, used 349684K [0x00000000e0000000, 0x00000000f5580000, 0x00000000f5580000)
  object space 349696K, 99% used [0x00000000e0000000,0x00000000f557d328,0x00000000f5580000)
 Metaspace       used 54004K, committed 54848K, reserved 1105920K
  class space    used 5388K, committed 5696K, reserved 1048576K
}
Event: 537.354 GC heap before
{Heap before GC invocations=389 (full 305):
 PSYoungGen      total 60416K, used 36864K [0x00000000f5580000, 0x00000000fe280000, 0x0000000100000000)
  eden space 36864K, 100% used [0x00000000f5580000,0x00000000f7980000,0x00000000f7980000)
  from space 23552K, 0% used [0x00000000fad80000,0x00000000fad80000,0x00000000fc480000)
  to   space 53248K, 0% used [0x00000000f7980000,0x00000000f7980000,0x00000000fad80000)
 ParOldGen       total 349696K, used 349689K [0x00000000e0000000, 0x00000000f5580000, 0x00000000f5580000)
  object space 349696K, 99% used [0x00000000e0000000,0x00000000f557e598,0x00000000f5580000)
 Metaspace       used 54004K, committed 54848K, reserved 1105920K
  class space    used 5388K, committed 5696K, reserved 1048576K
}
Event: 538.903 GC heap after
{Heap after GC invocations=389 (full 305):
 PSYoungGen      total 90112K, used 36863K [0x00000000f5580000, 0x00000000fe280000, 0x0000000100000000)
  eden space 36864K, 99% used [0x00000000f5580000,0x00000000f797ff38,0x00000000f7980000)
  from space 53248K, 0% used [0x00000000f7980000,0x00000000f7980000,0x00000000fad80000)
  to   space 23552K, 0% used [0x00000000fad80000,0x00000000fad80000,0x00000000fc480000)
 ParOldGen       total 349696K, used 349689K [0x00000000e0000000, 0x00000000f5580000, 0x00000000f5580000)
  object space 349696K, 99% used [0x00000000e0000000,0x00000000f557e420,0x00000000f5580000)
 Metaspace       used 54004K, committed 54848K, reserved 1105920K
  class space    used 5388K, committed 5696K, reserved 1048576K
}
Event: 538.904 GC heap before
{Heap before GC invocations=390 (full 306):
 PSYoungGen      total 90112K, used 36864K [0x00000000f5580000, 0x00000000fe280000, 0x0000000100000000)
  eden space 36864K, 100% used [0x00000000f5580000,0x00000000f7980000,0x00000000f7980000)
  from space 53248K, 0% used [0x00000000f7980000,0x00000000f7980000,0x00000000fad80000)
  to   space 23552K, 0% used [0x00000000fad80000,0x00000000fad80000,0x00000000fc480000)
 ParOldGen       total 349696K, used 349689K [0x00000000e0000000, 0x00000000f5580000, 0x00000000f5580000)
  object space 349696K, 99% used [0x00000000e0000000,0x00000000f557e420,0x00000000f5580000)
 Metaspace       used 54004K, committed 54848K, reserved 1105920K
  class space    used 5388K, committed 5696K, reserved 1048576K
}
Event: 540.422 GC heap after
{Heap after GC invocations=390 (full 306):
 PSYoungGen      total 60416K, used 36863K [0x00000000f5580000, 0x00000000fe280000, 0x0000000100000000)
  eden space 36864K, 99% used [0x00000000f5580000,0x00000000f797ffc0,0x00000000f7980000)
  from space 23552K, 0% used [0x00000000fad80000,0x00000000fad80000,0x00000000fc480000)
  to   space 53248K, 0% used [0x00000000f7980000,0x00000000f7980000,0x00000000fad80000)
 ParOldGen       total 349696K, used 349689K [0x00000000e0000000, 0x00000000f5580000, 0x00000000f5580000)
  object space 349696K, 99% used [0x00000000e0000000,0x00000000f557e400,0x00000000f5580000)
 Metaspace       used 54004K, committed 54848K, reserved 1105920K
  class space    used 5388K, committed 5696K, reserved 1048576K
}
Event: 540.422 GC heap before
{Heap before GC invocations=391 (full 307):
 PSYoungGen      total 60416K, used 36863K [0x00000000f5580000, 0x00000000fe280000, 0x0000000100000000)
  eden space 36864K, 99% used [0x00000000f5580000,0x00000000f797ffe0,0x00000000f7980000)
  from space 23552K, 0% used [0x00000000fad80000,0x00000000fad80000,0x00000000fc480000)
  to   space 53248K, 0% used [0x00000000f7980000,0x00000000f7980000,0x00000000fad80000)
 ParOldGen       total 349696K, used 349689K [0x00000000e0000000, 0x00000000f5580000, 0x00000000f5580000)
  object space 349696K, 99% used [0x00000000e0000000,0x00000000f557e400,0x00000000f5580000)
 Metaspace       used 54004K, committed 54848K, reserved 1105920K
  class space    used 5388K, committed 5696K, reserved 1048576K
}
Event: 542.078 GC heap after
{Heap after GC invocations=391 (full 307):
 PSYoungGen      total 90112K, used 36863K [0x00000000f5580000, 0x00000000fe280000, 0x0000000100000000)
  eden space 36864K, 99% used [0x00000000f5580000,0x00000000f797ffd0,0x00000000f7980000)
  from space 53248K, 0% used [0x00000000f7980000,0x00000000f7980000,0x00000000fad80000)
  to   space 23552K, 0% used [0x00000000fad80000,0x00000000fad80000,0x00000000fc480000)
 ParOldGen       total 349696K, used 349689K [0x00000000e0000000, 0x00000000f5580000, 0x00000000f5580000)
  object space 349696K, 99% used [0x00000000e0000000,0x00000000f557e400,0x00000000f5580000)
 Metaspace       used 54004K, committed 54848K, reserved 1105920K
  class space    used 5388K, committed 5696K, reserved 1048576K
}
Event: 542.087 GC heap before
{Heap before GC invocations=392 (full 308):
 PSYoungGen      total 90112K, used 36864K [0x00000000f5580000, 0x00000000fe280000, 0x0000000100000000)
  eden space 36864K, 100% used [0x00000000f5580000,0x00000000f7980000,0x00000000f7980000)
  from space 53248K, 0% used [0x00000000f7980000,0x00000000f7980000,0x00000000fad80000)
  to   space 23552K, 0% used [0x00000000fad80000,0x00000000fad80000,0x00000000fc480000)
 ParOldGen       total 349696K, used 349692K [0x00000000e0000000, 0x00000000f5580000, 0x00000000f5580000)
  object space 349696K, 99% used [0x00000000e0000000,0x00000000f557f170,0x00000000f5580000)
 Metaspace       used 54004K, committed 54848K, reserved 1105920K
  class space    used 5388K, committed 5696K, reserved 1048576K
}
Event: 543.540 GC heap after
{Heap after GC invocations=392 (full 308):
 PSYoungGen      total 60416K, used 36863K [0x00000000f5580000, 0x00000000fe280000, 0x0000000100000000)
  eden space 36864K, 99% used [0x00000000f5580000,0x00000000f797ff78,0x00000000f7980000)
  from space 23552K, 0% used [0x00000000fad80000,0x00000000fad80000,0x00000000fc480000)
  to   space 53248K, 0% used [0x00000000f7980000,0x00000000f7980000,0x00000000fad80000)
 ParOldGen       total 349696K, used 349692K [0x00000000e0000000, 0x00000000f5580000, 0x00000000f5580000)
  object space 349696K, 99% used [0x00000000e0000000,0x00000000f557f110,0x00000000f5580000)
 Metaspace       used 54004K, committed 54848K, reserved 1105920K
  class space    used 5388K, committed 5696K, reserved 1048576K
}
Event: 543.541 GC heap before
{Heap before GC invocations=393 (full 309):
 PSYoungGen      total 60416K, used 36863K [0x00000000f5580000, 0x00000000fe280000, 0x0000000100000000)
  eden space 36864K, 99% used [0x00000000f5580000,0x00000000f797fff8,0x00000000f7980000)
  from space 23552K, 0% used [0x00000000fad80000,0x00000000fad80000,0x00000000fc480000)
  to   space 53248K, 0% used [0x00000000f7980000,0x00000000f7980000,0x00000000fad80000)
 ParOldGen       total 349696K, used 349692K [0x00000000e0000000, 0x00000000f5580000, 0x00000000f5580000)
  object space 349696K, 99% used [0x00000000e0000000,0x00000000f557f110,0x00000000f5580000)
 Metaspace       used 54004K, committed 54848K, reserved 1105920K
  class space    used 5388K, committed 5696K, reserved 1048576K
}
Event: 545.114 GC heap after
{Heap after GC invocations=393 (full 309):
 PSYoungGen      total 90112K, used 36863K [0x00000000f5580000, 0x00000000fe280000, 0x0000000100000000)
  eden space 36864K, 99% used [0x00000000f5580000,0x00000000f797fff8,0x00000000f7980000)
  from space 53248K, 0% used [0x00000000f7980000,0x00000000f7980000,0x00000000fad80000)
  to   space 23552K, 0% used [0x00000000fad80000,0x00000000fad80000,0x00000000fc480000)
 ParOldGen       total 349696K, used 349692K [0x00000000e0000000, 0x00000000f5580000, 0x00000000f5580000)
  object space 349696K, 99% used [0x00000000e0000000,0x00000000f557f110,0x00000000f5580000)
 Metaspace       used 54004K, committed 54848K, reserved 1105920K
  class space    used 5388K, committed 5696K, reserved 1048576K
}
Event: 545.115 GC heap before
{Heap before GC invocations=394 (full 310):
 PSYoungGen      total 90112K, used 36863K [0x00000000f5580000, 0x00000000fe280000, 0x0000000100000000)
  eden space 36864K, 99% used [0x00000000f5580000,0x00000000f797fff8,0x00000000f7980000)
  from space 53248K, 0% used [0x00000000f7980000,0x00000000f7980000,0x00000000fad80000)
  to   space 23552K, 0% used [0x00000000fad80000,0x00000000fad80000,0x00000000fc480000)
 ParOldGen       total 349696K, used 349695K [0x00000000e0000000, 0x00000000f5580000, 0x00000000f5580000)
  object space 349696K, 99% used [0x00000000e0000000,0x00000000f557fdc8,0x00000000f5580000)
 Metaspace       used 54004K, committed 54848K, reserved 1105920K
  class space    used 5388K, committed 5696K, reserved 1048576K
}
Event: 546.751 GC heap after
{Heap after GC invocations=394 (full 310):
 PSYoungGen      total 60416K, used 36863K [0x00000000f5580000, 0x00000000fe280000, 0x0000000100000000)
  eden space 36864K, 99% used [0x00000000f5580000,0x00000000f797fff8,0x00000000f7980000)
  from space 23552K, 0% used [0x00000000fad80000,0x00000000fad80000,0x00000000fc480000)
  to   space 53248K, 0% used [0x00000000f7980000,0x00000000f7980000,0x00000000fad80000)
 ParOldGen       total 349696K, used 349694K [0x00000000e0000000, 0x00000000f5580000, 0x00000000f5580000)
  object space 349696K, 99% used [0x00000000e0000000,0x00000000f557fbe0,0x00000000f5580000)
 Metaspace       used 54004K, committed 54848K, reserved 1105920K
  class space    used 5388K, committed 5696K, reserved 1048576K
}
Event: 546.752 GC heap before
{Heap before GC invocations=395 (full 311):
 PSYoungGen      total 60416K, used 36863K [0x00000000f5580000, 0x00000000fe280000, 0x0000000100000000)
  eden space 36864K, 99% used [0x00000000f5580000,0x00000000f797fff8,0x00000000f7980000)
  from space 23552K, 0% used [0x00000000fad80000,0x00000000fad80000,0x00000000fc480000)
  to   space 53248K, 0% used [0x00000000f7980000,0x00000000f7980000,0x00000000fad80000)
 ParOldGen       total 349696K, used 349695K [0x00000000e0000000, 0x00000000f5580000, 0x00000000f5580000)
  object space 349696K, 99% used [0x00000000e0000000,0x00000000f557ffe8,0x00000000f5580000)
 Metaspace       used 54004K, committed 54848K, reserved 1105920K
  class space    used 5388K, committed 5696K, reserved 1048576K
}
Event: 548.229 GC heap after
{Heap after GC invocations=395 (full 311):
 PSYoungGen      total 90112K, used 36863K [0x00000000f5580000, 0x00000000fe280000, 0x0000000100000000)
  eden space 36864K, 99% used [0x00000000f5580000,0x00000000f797fff8,0x00000000f7980000)
  from space 53248K, 0% used [0x00000000f7980000,0x00000000f7980000,0x00000000fad80000)
  to   space 23552K, 0% used [0x00000000fad80000,0x00000000fad80000,0x00000000fc480000)
 ParOldGen       total 349696K, used 349695K [0x00000000e0000000, 0x00000000f5580000, 0x00000000f5580000)
  object space 349696K, 99% used [0x00000000e0000000,0x00000000f557fe68,0x00000000f5580000)
 Metaspace       used 54004K, committed 54848K, reserved 1105920K
  class space    used 5388K, committed 5696K, reserved 1048576K
}
Event: 548.230 GC heap before
{Heap before GC invocations=396 (full 312):
 PSYoungGen      total 90112K, used 36863K [0x00000000f5580000, 0x00000000fe280000, 0x0000000100000000)
  eden space 36864K, 99% used [0x00000000f5580000,0x00000000f797fff8,0x00000000f7980000)
  from space 53248K, 0% used [0x00000000f7980000,0x00000000f7980000,0x00000000fad80000)
  to   space 23552K, 0% used [0x00000000fad80000,0x00000000fad80000,0x00000000fc480000)
 ParOldGen       total 349696K, used 349695K [0x00000000e0000000, 0x00000000f5580000, 0x00000000f5580000)
  object space 349696K, 99% used [0x00000000e0000000,0x00000000f557ffd0,0x00000000f5580000)
 Metaspace       used 54004K, committed 54848K, reserved 1105920K
  class space    used 5388K, committed 5696K, reserved 1048576K
}
Event: 549.626 GC heap after
{Heap after GC invocations=396 (full 312):
 PSYoungGen      total 60416K, used 36863K [0x00000000f5580000, 0x00000000fe280000, 0x0000000100000000)
  eden space 36864K, 99% used [0x00000000f5580000,0x00000000f797ffe0,0x00000000f7980000)
  from space 23552K, 0% used [0x00000000fad80000,0x00000000fad80000,0x00000000fc480000)
  to   space 53248K, 0% used [0x00000000f7980000,0x00000000f7980000,0x00000000fad80000)
 ParOldGen       total 349696K, used 349695K [0x00000000e0000000, 0x00000000f5580000, 0x00000000f5580000)
  object space 349696K, 99% used [0x00000000e0000000,0x00000000f557ffd0,0x00000000f5580000)
 Metaspace       used 54004K, committed 54848K, reserved 1105920K
  class space    used 5388K, committed 5696K, reserved 1048576K
}
Event: 549.626 GC heap before
{Heap before GC invocations=397 (full 313):
 PSYoungGen      total 60416K, used 36863K [0x00000000f5580000, 0x00000000fe280000, 0x0000000100000000)
  eden space 36864K, 99% used [0x00000000f5580000,0x00000000f797ffe0,0x00000000f7980000)
  from space 23552K, 0% used [0x00000000fad80000,0x00000000fad80000,0x00000000fc480000)
  to   space 53248K, 0% used [0x00000000f7980000,0x00000000f7980000,0x00000000fad80000)
 ParOldGen       total 349696K, used 349695K [0x00000000e0000000, 0x00000000f5580000, 0x00000000f5580000)
  object space 349696K, 99% used [0x00000000e0000000,0x00000000f557ffd0,0x00000000f5580000)
 Metaspace       used 54004K, committed 54848K, reserved 1105920K
  class space    used 5388K, committed 5696K, reserved 1048576K
}
Event: 550.922 GC heap after
{Heap after GC invocations=397 (full 313):
 PSYoungGen      total 90112K, used 36863K [0x00000000f5580000, 0x00000000fe280000, 0x0000000100000000)
  eden space 36864K, 99% used [0x00000000f5580000,0x00000000f797ff18,0x00000000f7980000)
  from space 53248K, 0% used [0x00000000f7980000,0x00000000f7980000,0x00000000fad80000)
  to   space 23552K, 0% used [0x00000000fad80000,0x00000000fad80000,0x00000000fc480000)
 ParOldGen       total 349696K, used 349695K [0x00000000e0000000, 0x00000000f5580000, 0x00000000f5580000)
  object space 349696K, 99% used [0x00000000e0000000,0x00000000f557fd40,0x00000000f5580000)
 Metaspace       used 54004K, committed 54848K, reserved 1105920K
  class space    used 5388K, committed 5696K, reserved 1048576K
}

Dll operation events (9 events):
Event: 0.008 Loaded shared library /nix/store/gpxl5qgg8kicmcvivwmybwjlpf7wh20l-graalvm17-ce-22.3.0/lib/libjava.so
Event: 0.070 Loaded shared library /nix/store/gpxl5qgg8kicmcvivwmybwjlpf7wh20l-graalvm17-ce-22.3.0/lib/libjsvml.so
Event: 0.440 Loaded shared library /nix/store/gpxl5qgg8kicmcvivwmybwjlpf7wh20l-graalvm17-ce-22.3.0/lib/libnio.so
Event: 0.454 Loaded shared library /nix/store/gpxl5qgg8kicmcvivwmybwjlpf7wh20l-graalvm17-ce-22.3.0/lib/libzip.so
Event: 0.465 Loaded shared library /nix/store/gpxl5qgg8kicmcvivwmybwjlpf7wh20l-graalvm17-ce-22.3.0/lib/libjvmcicompiler.so
Event: 1.019 Loaded shared library /nix/store/gpxl5qgg8kicmcvivwmybwjlpf7wh20l-graalvm17-ce-22.3.0/lib/libjimage.so
Event: 2.086 Loaded shared library /nix/store/gpxl5qgg8kicmcvivwmybwjlpf7wh20l-graalvm17-ce-22.3.0/lib/libnet.so
Event: 8.635 Loaded shared library /home/runner/.cache/jdt-language-server/config/org.eclipse.equinox.launcher/org.eclipse.equinox.launcher.gtk.linux.x86_64_1.2.400.v20211117-0650/eclipse_11600.so
Event: 20.803 Loaded shared library /nix/store/gpxl5qgg8kicmcvivwmybwjlpf7wh20l-graalvm17-ce-22.3.0/lib/libextnet.so

Deoptimization events (20 events):
Event: 67.916 Thread 0x00007f1860480bb0 DEOPT PACKING pc=0x00007f18b0385c05 sp=0x00007f18ac5fe530
Event: 67.916 Thread 0x00007f1860480bb0 DEOPT UNPACKING pc=0x00007f18af505325 sp=0x00007f18ac5fda20 mode 0
Event: 67.917 Thread 0x00007f1860480bb0 DEOPT PACKING pc=0x00007f18b0385c05 sp=0x00007f18ac5fe530
Event: 67.917 Thread 0x00007f1860480bb0 DEOPT UNPACKING pc=0x00007f18af505325 sp=0x00007f18ac5fda20 mode 0
Event: 67.919 Thread 0x00007f1860480bb0 DEOPT PACKING pc=0x00007f18b0385c05 sp=0x00007f18ac5fe530
Event: 67.919 Thread 0x00007f1860480bb0 DEOPT UNPACKING pc=0x00007f18af505325 sp=0x00007f18ac5fda20 mode 0
Event: 67.921 Thread 0x00007f1860480bb0 DEOPT PACKING pc=0x00007f18b0385c05 sp=0x00007f18ac5fe530
Event: 67.921 Thread 0x00007f1860480bb0 DEOPT UNPACKING pc=0x00007f18af505325 sp=0x00007f18ac5fda20 mode 0
Event: 67.923 Thread 0x00007f1860480bb0 DEOPT PACKING pc=0x00007f18b0385c05 sp=0x00007f18ac5fe530
Event: 67.923 Thread 0x00007f1860480bb0 DEOPT UNPACKING pc=0x00007f18af505325 sp=0x00007f18ac5fda20 mode 0
Event: 67.924 Thread 0x00007f1860480bb0 DEOPT PACKING pc=0x00007f18b0385c05 sp=0x00007f18ac5fe530
Event: 67.924 Thread 0x00007f1860480bb0 DEOPT UNPACKING pc=0x00007f18af505325 sp=0x00007f18ac5fda20 mode 0
Event: 67.929 Thread 0x00007f1860480bb0 DEOPT PACKING pc=0x00007f18b0385c05 sp=0x00007f18ac5fe530
Event: 67.929 Thread 0x00007f1860480bb0 DEOPT UNPACKING pc=0x00007f18af505325 sp=0x00007f18ac5fda20 mode 0
Event: 68.000 Thread 0x00007f1860480bb0 DEOPT PACKING pc=0x00007f18b0385b94 sp=0x00007f18ac5fe530
Event: 68.000 Thread 0x00007f1860480bb0 DEOPT UNPACKING pc=0x00007f18af505325 sp=0x00007f18ac5fda20 mode 0
Event: 68.007 Thread 0x00007f1860480bb0 DEOPT PACKING pc=0x00007f18b0385c05 sp=0x00007f18ac5fe530
Event: 68.007 Thread 0x00007f1860480bb0 DEOPT UNPACKING pc=0x00007f18af505325 sp=0x00007f18ac5fda20 mode 0
Event: 68.009 Thread 0x00007f1860480bb0 DEOPT PACKING pc=0x00007f18b0385c05 sp=0x00007f18ac5fe530
Event: 68.009 Thread 0x00007f1860480bb0 DEOPT UNPACKING pc=0x00007f18af505325 sp=0x00007f18ac5fda20 mode 0

Classes unloaded (20 events):
Event: 151.521 Thread 0x00007f18c80a1c10 Unloading class 0x0000000800d05800 'java/lang/invoke/LambdaForm$MH+0x0000000800d05800'
Event: 151.521 Thread 0x00007f18c80a1c10 Unloading class 0x0000000800d05000 'java/lang/invoke/LambdaForm$MH+0x0000000800d05000'
Event: 151.521 Thread 0x00007f18c80a1c10 Unloading class 0x0000000800d04c00 'java/lang/invoke/LambdaForm$MH+0x0000000800d04c00'
Event: 151.521 Thread 0x00007f18c80a1c10 Unloading class 0x0000000800d04800 'java/lang/invoke/LambdaForm$MH+0x0000000800d04800'
Event: 157.023 Thread 0x00007f18c80a1c10 Unloading class 0x0000000800f1c000 'jdk/internal/reflect/GeneratedConstructorAccessor14'
Event: 157.023 Thread 0x00007f18c80a1c10 Unloading class 0x0000000800f10800 'jdk/internal/reflect/GeneratedConstructorAccessor12'
Event: 157.023 Thread 0x00007f18c80a1c10 Unloading class 0x0000000800f10400 'jdk/internal/reflect/GeneratedConstructorAccessor11'
Event: 157.023 Thread 0x00007f18c80a1c10 Unloading class 0x0000000800f10000 'jdk/internal/reflect/GeneratedConstructorAccessor10'
Event: 160.724 Thread 0x00007f18c80a1c10 Unloading class 0x0000000801081400 'jdk/internal/reflect/GeneratedSerializationConstructorAccessor4'
Event: 160.724 Thread 0x00007f18c80a1c10 Unloading class 0x0000000801081000 'jdk/internal/reflect/GeneratedSerializationConstructorAccessor3'
Event: 160.724 Thread 0x00007f18c80a1c10 Unloading class 0x0000000801080c00 'jdk/internal/reflect/GeneratedSerializationConstructorAccessor2'
Event: 160.724 Thread 0x00007f18c80a1c10 Unloading class 0x0000000801080800 'jdk/internal/reflect/GeneratedSerializationConstructorAccessor1'
Event: 160.724 Thread 0x00007f18c80a1c10 Unloading class 0x000000080105d400 'java/lang/invoke/LambdaForm$MH+0x000000080105d400'
Event: 160.724 Thread 0x00007f18c80a1c10 Unloading class 0x000000080105d000 'java/lang/invoke/LambdaForm$MH+0x000000080105d000'
Event: 160.724 Thread 0x00007f18c80a1c10 Unloading class 0x000000080105cc00 'java/lang/invoke/LambdaForm$MH+0x000000080105cc00'
Event: 160.724 Thread 0x00007f18c80a1c10 Unloading class 0x000000080105c800 'java/lang/invoke/LambdaForm$MH+0x000000080105c800'
Event: 160.724 Thread 0x00007f18c80a1c10 Unloading class 0x000000080105c400 'java/lang/invoke/LambdaForm$MH+0x000000080105c400'
Event: 160.724 Thread 0x00007f18c80a1c10 Unloading class 0x000000080105c000 'java/lang/invoke/LambdaForm$MH+0x000000080105c000'
Event: 160.724 Thread 0x00007f18c80a1c10 Unloading class 0x0000000800d98400 'java/lang/invoke/LambdaForm$MH+0x0000000800d98400'
Event: 160.724 Thread 0x00007f18c80a1c10 Unloading class 0x0000000800d04000 'java/lang/invoke/LambdaForm$MH+0x0000000800d04000'

Classes redefined (0 events):
No events

Internal exceptions (20 events):
Event: 37.652 Thread 0x00007f1860304bf0 Exception <a 'sun/nio/fs/UnixException'{0x00000000f57589e8}> (0x00000000f57589e8) 
thrown [src/hotspot/share/prims/jni.cpp, line 516]
Event: 37.652 Thread 0x00007f1860304bf0 Exception <a 'sun/nio/fs/UnixException'{0x00000000f5759568}> (0x00000000f5759568) 
thrown [src/hotspot/share/prims/jni.cpp, line 516]
Event: 37.653 Thread 0x00007f1860304bf0 Exception <a 'sun/nio/fs/UnixException'{0x00000000f5762048}> (0x00000000f5762048) 
thrown [src/hotspot/share/prims/jni.cpp, line 516]
Event: 37.653 Thread 0x00007f1860304bf0 Exception <a 'sun/nio/fs/UnixException'{0x00000000f5765818}> (0x00000000f5765818) 
thrown [src/hotspot/share/prims/jni.cpp, line 516]
Event: 37.698 Thread 0x00007f1860304bf0 Exception <a 'sun/nio/fs/UnixException'{0x00000000f5766390}> (0x00000000f5766390) 
thrown [src/hotspot/share/prims/jni.cpp, line 516]
Event: 37.699 Thread 0x00007f1860304bf0 Exception <a 'sun/nio/fs/UnixException'{0x00000000f576bfd8}> (0x00000000f576bfd8) 
thrown [src/hotspot/share/prims/jni.cpp, line 516]
Event: 37.700 Thread 0x00007f1860304bf0 Exception <a 'sun/nio/fs/UnixException'{0x00000000f57ac4e0}> (0x00000000f57ac4e0) 
thrown [src/hotspot/share/prims/jni.cpp, line 516]
Event: 37.701 Thread 0x00007f1860304bf0 Exception <a 'sun/nio/fs/UnixException'{0x00000000f57afce0}> (0x00000000f57afce0) 
thrown [src/hotspot/share/prims/jni.cpp, line 516]
Event: 37.701 Thread 0x00007f1860304bf0 Exception <a 'sun/nio/fs/UnixException'{0x00000000f57b0aa0}> (0x00000000f57b0aa0) 
thrown [src/hotspot/share/prims/jni.cpp, line 516]
Event: 37.702 Thread 0x00007f1860304bf0 Exception <a 'sun/nio/fs/UnixException'{0x00000000f57b94a8}> (0x00000000f57b94a8) 
thrown [src/hotspot/share/prims/jni.cpp, line 516]
Event: 37.702 Thread 0x00007f1860304bf0 Exception <a 'sun/nio/fs/UnixException'{0x00000000f57bca30}> (0x00000000f57bca30) 
thrown [src/hotspot/share/prims/jni.cpp, line 516]
Event: 37.703 Thread 0x00007f1860304bf0 Exception <a 'sun/nio/fs/UnixException'{0x00000000f57bd860}> (0x00000000f57bd860) 
thrown [src/hotspot/share/prims/jni.cpp, line 516]
Event: 37.712 Thread 0x00007f1860304bf0 Implicit null exception at 0x00007f18b70bffc2 to 0x00007f18b70c0524
Event: 37.719 Thread 0x00007f1860304bf0 Exception <a 'java/lang/NoSuchMethodError'{0x00000000f58744c0}: 'int java.lang.invoke.DirectMethodHandle$Holder.invokeVirtual(java.lang.Object, java.lang.Object, java.lang.Object)'> (0x00000000f58744c0) 
thrown [src/hotspot/share/interpreter/linkResolver.cpp, line 758]
Event: 39.302 Thread 0x00007f1860304bf0 Exception <a 'sun/nio/fs/UnixException'{0x00000000f5d4c2d0}> (0x00000000f5d4c2d0) 
thrown [src/hotspot/share/prims/jni.cpp, line 516]
Event: 39.630 Thread 0x00007f18500d36a0 Exception <a 'java/lang/NoSuchMethodError'{0x00000000f56586e8}: 'int java.lang.invoke.DirectMethodHandle$Holder.invokeStatic(java.lang.Object, java.lang.Object, java.lang.Object, int)'> (0x00000000f56586e8) 
thrown [src/hotspot/share/interpreter/linkResolver.cpp, line 758]
Event: 43.113 Thread 0x00007f18500d36a0 Exception <a 'java/lang/NoSuchMethodError'{0x00000000f59e9fe8}: 'java.lang.Object java.lang.invoke.DirectMethodHandle$Holder.invokeStatic(java.lang.Object, int, java.lang.Object, java.lang.Object, java.lang.Object, java.lang.Object)'> (0x00000000f59e9fe8) 
thrown [src/hotspot/share/interpreter/linkResolver.cpp, line 758]
Event: 43.506 Thread 0x00007f18500d36a0 Exception <a 'java/lang/NoSuchMethodError'{0x00000000f5ca2808}: 'void java.lang.invoke.DirectMethodHandle$Holder.invokeSpecial(java.lang.Object, java.lang.Object, int)'> (0x00000000f5ca2808) 
thrown [src/hotspot/share/interpreter/linkResolver.cpp, line 758]
Event: 44.905 Thread 0x00007f18500d36a0 Exception <a 'java/lang/NoSuchMethodError'{0x00000000f5cc3c98}: 'int java.lang.invoke.DirectMethodHandle$Holder.invokeSpecialIFC(java.lang.Object, java.lang.Object, java.lang.Object, java.lang.Object)'> (0x00000000f5cc3c98) 
thrown [src/hotspot/share/interpreter/linkResolver.cpp, line 758]
Event: 550.922 Thread 0x00007f18c80b2200 Exception <a 'java/lang/OutOfMemoryError'{0x00000000e000f880}> (0x00000000e000f880) 
thrown [src/hotspot/share/gc/shared/memAllocator.cpp, line 136]

VM Operations (20 events):
Event: 534.115 Executing VM operation: ParallelGCFailedAllocation
Event: 535.740 Executing VM operation: ParallelGCFailedAllocation done
Event: 535.740 Executing VM operation: ParallelGCFailedAllocation
Event: 537.354 Executing VM operation: ParallelGCFailedAllocation done
Event: 537.354 Executing VM operation: ParallelGCFailedAllocation
Event: 538.903 Executing VM operation: ParallelGCFailedAllocation done
Event: 538.903 Executing VM operation: ParallelGCFailedAllocation
Event: 540.422 Executing VM operation: ParallelGCFailedAllocation done
Event: 540.422 Executing VM operation: ParallelGCFailedAllocation
Event: 542.078 Executing VM operation: ParallelGCFailedAllocation done
Event: 542.079 Executing VM operation: ParallelGCFailedAllocation
Event: 543.540 Executing VM operation: ParallelGCFailedAllocation done
Event: 543.541 Executing VM operation: ParallelGCFailedAllocation
Event: 545.114 Executing VM operation: ParallelGCFailedAllocation done
Event: 545.115 Executing VM operation: ParallelGCFailedAllocation
Event: 546.751 Executing VM operation: ParallelGCFailedAllocation done
Event: 546.751 Executing VM operation: ParallelGCFailedAllocation
Event: 548.229 Executing VM operation: ParallelGCFailedAllocation done
Event: 548.229 Executing VM operation: ParallelGCFailedAllocation
Event: 550.922 Executing VM operation: ParallelGCFailedAllocation done

Events (20 events):
Event: 59.526 Thread 0x00007f18c80b4b60 flushing nmethod 0x00007f18b0746110
Event: 59.526 Thread 0x00007f18c80b4b60 flushing nmethod 0x00007f18b0746890
Event: 59.526 Thread 0x00007f18c80b4b60 flushing nmethod 0x00007f18b0747110
Event: 59.526 Thread 0x00007f18c80b4b60 flushing nmethod 0x00007f18b0748b10
Event: 59.526 Thread 0x00007f18c80b4b60 flushing nmethod 0x00007f18b0749c10
Event: 59.526 Thread 0x00007f18c80b4b60 flushing nmethod 0x00007f18b074a290
Event: 59.526 Thread 0x00007f18c80b4b60 flushing nmethod 0x00007f18b076dd90
Event: 59.527 Thread 0x00007f18c80b4b60 flushing nmethod 0x00007f18b0798490
Event: 59.527 Thread 0x00007f18c80b4b60 flushing nmethod 0x00007f18b079f890
Event: 59.527 Thread 0x00007f18c80b4b60 flushing nmethod 0x00007f18b07a0590
Event: 59.527 Thread 0x00007f18c80b4b60 flushing nmethod 0x00007f18b07a0a10
Event: 59.527 Thread 0x00007f18c80b4b60 flushing nmethod 0x00007f18b07b5110
Event: 59.527 Thread 0x00007f18c80b4b60 flushing nmethod 0x00007f18b07b9c90
Event: 59.527 Thread 0x00007f18c80b4b60 flushing nmethod 0x00007f18b07cec90
Event: 59.527 Thread 0x00007f18c80b4b60 flushing nmethod 0x00007f18b07d8290
Event: 62.276 Thread 0x00007f18c8206c30 Thread exited: 0x00007f18c8206c30
Event: 103.007 Thread 0x00007f183c001130 Thread exited: 0x00007f183c001130
Event: 106.218 Thread 0x00007f184c000ff0 Thread exited: 0x00007f184c000ff0
Event: 373.537 Thread 0x00007f184832ba40 Thread added: 0x00007f184832ba40
Event: 373.537 Protecting memory [0x00007f1876d00000,0x00007f1876d04000] with protection modes 0


Dynamic libraries:
e0000000-f5580000 rw-p 00000000 00:00 0 
f5580000-fe280000 rw-p 00000000 00:00 0 
fe280000-100000000 ---p 00000000 00:00 0 
800000000-800449000 rw-p 00001000 00:19f9 9223372037562745673            /nix/store/gpxl5qgg8kicmcvivwmybwjlpf7wh20l-graalvm17-ce-22.3.0/lib/server/classes.jsa
800449000-800bc8000 r--p 0044a000 00:19f9 9223372037562745673            /nix/store/gpxl5qgg8kicmcvivwmybwjlpf7wh20l-graalvm17-ce-22.3.0/lib/server/classes.jsa
800bc8000-800c00000 ---p 00000000 00:00 0 
800c00000-800c20000 rw-p 00000000 00:00 0 
800c20000-800c40000 rw-p 00000000 00:00 0 
800c40000-800cc0000 rw-p 00000000 00:00 0 
800cc0000-800d00000 rw-p 00000000 00:00 0 
800d00000-800dc0000 rw-p 00000000 00:00 0 
800dc0000-800e00000 rw-p 00000000 00:00 0 
800e00000-800f40000 rw-p 00000000 00:00 0 
800f40000-800fc0000 rw-p 00000000 00:00 0 
800fc0000-801000000 rw-p 00000000 00:00 0 
801000000-801190000 rw-p 00000000 00:00 0 
801190000-840c00000 ---p 00000000 00:00 0 
562928146000-562928147000 r-xp 00000000 00:19f9 9223372037526805748      /nix/store/gpxl5qgg8kicmcvivwmybwjlpf7wh20l-graalvm17-ce-22.3.0/bin/.java-wrapped
562928148000-562928149000 r--p 00001000 00:19f9 9223372037526805748      /nix/store/gpxl5qgg8kicmcvivwmybwjlpf7wh20l-graalvm17-ce-22.3.0/bin/.java-wrapped
562928149000-56292814a000 rw-p 00002000 00:19f9 9223372037526805748      /nix/store/gpxl5qgg8kicmcvivwmybwjlpf7wh20l-graalvm17-ce-22.3.0/bin/.java-wrapped
56292814a000-56292814b000 rw-p 00004000 00:19f9 9223372037526805748      /nix/store/gpxl5qgg8kicmcvivwmybwjlpf7wh20l-graalvm17-ce-22.3.0/bin/.java-wrapped
56292814b000-56292814c000 rw-p 00005000 00:19f9 9223372037526805748      /nix/store/gpxl5qgg8kicmcvivwmybwjlpf7wh20l-graalvm17-ce-22.3.0/bin/.java-wrapped
562928e50000-562928e98000 rw-p 00000000 00:00 0                          [heap]
7f181e4b3000-7f1828000000 r--s 00000000 00:19f9 9223372037562580485      /nix/store/gpxl5qgg8kicmcvivwmybwjlpf7wh20l-graalvm17-ce-22.3.0/lib/modules
7f1828000000-7f18281b5000 rw-p 00000000 00:00 0 
7f18281b5000-7f182c000000 ---p 00000000 00:00 0 
7f182c000000-7f182c05b000 rw-p 00000000 00:00 0 
7f182c05b000-7f1830000000 ---p 00000000 00:00 0 
7f1830000000-7f18300d7000 rw-p 00000000 00:00 0 
7f18300d7000-7f1834000000 ---p 00000000 00:00 0 
7f1834000000-7f1834023000 rw-p 00000000 00:00 0 
7f1834023000-7f1838000000 ---p 00000000 00:00 0 
7f1838000000-7f1838021000 rw-p 00000000 00:00 0 
7f1838021000-7f183c000000 ---p 00000000 00:00 0 
7f183c000000-7f183c13e000 rw-p 00000000 00:00 0 
7f183c13e000-7f1840000000 ---p 00000000 00:00 0 
7f1840000000-7f184005b000 rw-p 00000000 00:00 0 
7f184005b000-7f1844000000 ---p 00000000 00:00 0 
7f1844000000-7f1844021000 rw-p 00000000 00:00 0 
7f1844021000-7f1848000000 ---p 00000000 00:00 0 
7f1848000000-7f184834a000 rw-p 00000000 00:00 0 
7f184834a000-7f184c000000 ---p 00000000 00:00 0 
7f184c000000-7f184c044000 rw-p 00000000 00:00 0 
7f184c044000-7f1850000000 ---p 00000000 00:00 0 
7f1850000000-7f1850204000 rw-p 00000000 00:00 0 
7f1850204000-7f1854000000 ---p 00000000 00:00 0 
7f1854000000-7f1854021000 rw-p 00000000 00:00 0 
7f1854021000-7f1858000000 ---p 00000000 00:00 0 
7f1858000000-7f1858021000 rw-p 00000000 00:00 0 
7f1858021000-7f185c000000 ---p 00000000 00:00 0 
7f185c400000-7f185c460000 rw-p 00000000 00:00 0 
7f185c460000-7f185cc00000 ---p 00000000 00:00 0 
7f185d400000-7f185dc00000 rw-p 00000000 00:00 0 
7f185dc00000-7f185e100000 rw-p 00000000 00:00 0 
7f185e100000-7f185e1a0000 rw-p 00000000 00:00 0 
7f185e1a0000-7f185e200000 ---p 00000000 00:00 0 
7f185e200000-7f185e340000 rw-p 00000000 00:00 0 
7f185e340000-7f185e400000 rw-p 00000000 00:00 0 
7f185e400000-7f185e500000 rw-p 00000000 00:00 0 
7f185e500000-7f185e600000 rw-p 00000000 00:00 0 
7f185e600000-7f185e700000 rw-p 00000000 00:00 0 
7f185e700000-7f185e900000 rw-p 00000000 00:00 0 
7f185e900000-7f185eb00000 rw-p 00000000 00:00 0 
7f185eb00000-7f185ec00000 rw-p 00000000 00:00 0 
7f185ec00000-7f185ed00000 rw-p 00000000 00:00 0 
7f185ed00000-7f185ee00000 rw-p 00000000 00:00 0 
7f185ee00000-7f185f400000 rw-p 00000000 00:00 0 
7f185f400000-7f185f500000 rw-p 00000000 00:00 0 
7f185f500000-7f185f600000 rw-p 00000000 00:00 0 
7f185f600000-7f185fc00000 rw-p 00000000 00:00 0 
7f185fc00000-7f185fc10000 r-xp 00000000 00:140 353                       /home/runner/.cache/jdt-language-server/config/org.eclipse.equinox.launcher/org.eclipse.equinox.launcher.gtk.linux.x86_64_1.2.400.v20211117-0650/eclipse_11600.so
7f185fc10000-7f185fe0f000 ---p 00010000 00:140 353                       /home/runner/.cache/jdt-language-server/config/org.eclipse.equinox.launcher/org.eclipse.equinox.launcher.gtk.linux.x86_64_1.2.400.v20211117-0650/eclipse_11600.so
7f185fe0f000-7f185fe10000 r--p 0000f000 00:140 353                       /home/runner/.cache/jdt-language-server/config/org.eclipse.equinox.launcher/org.eclipse.equinox.launcher.gtk.linux.x86_64_1.2.400.v20211117-0650/eclipse_11600.so
7f185fe10000-7f185fe11000 rw-p 00010000 00:140 353                       /home/runner/.cache/jdt-language-server/config/org.eclipse.equinox.launcher/org.eclipse.equinox.launcher.gtk.linux.x86_64_1.2.400.v20211117-0650/eclipse_11600.so
7f1860000000-7f18608c2000 rw-p 00000000 00:00 0 
7f18608c2000-7f1864000000 ---p 00000000 00:00 0 
7f1864000000-7f1864026000 rw-p 00000000 00:00 0 
7f1864026000-7f1868000000 ---p 00000000 00:00 0 
7f1868000000-7f1868021000 rw-p 00000000 00:00 0 
7f1868021000-7f186c000000 ---p 00000000 00:00 0 
7f186c000000-7f186c021000 rw-p 00000000 00:00 0 
7f186c021000-7f1870000000 ---p 00000000 00:00 0 
7f1870000000-7f1870021000 rw-p 00000000 00:00 0 
7f1870021000-7f1874000000 ---p 00000000 00:00 0 
7f1875700000-7f1875800000 ---p 00000000 00:00 0 
7f1875800000-7f1875daf000 r--p 01122000 00:19f9 9223372037562577944      /nix/store/gpxl5qgg8kicmcvivwmybwjlpf7wh20l-graalvm17-ce-22.3.0/lib/libjvmcicompiler.so
7f1875daf000-7f1875f00000 r--p 00000000 00:00 0 
7f1875f00000-7f1875f3d000 rw-p 00000000 00:00 0 
7f1875f3d000-7f187645d000 rw-p 0185f000 00:19f9 9223372037562577944      /nix/store/gpxl5qgg8kicmcvivwmybwjlpf7wh20l-graalvm17-ce-22.3.0/lib/libjvmcicompiler.so
7f187645d000-7f1876844000 r--p 01d7f000 00:19f9 9223372037562577944      /nix/store/gpxl5qgg8kicmcvivwmybwjlpf7wh20l-graalvm17-ce-22.3.0/lib/libjvmcicompiler.so
7f1876900000-7f1876904000 ---p 00000000 00:00 0 
7f1876904000-7f1876a00000 rw-p 00000000 00:00 0 
7f1876b00000-7f1876b04000 ---p 00000000 00:00 0 
7f1876b04000-7f1876c00000 rw-p 00000000 00:00 0 
7f1876d00000-7f1876d04000 ---p 00000000 00:00 0 
7f1876d04000-7f1876e00000 rw-p 00000000 00:00 0 
7f1877ba9000-7f1877f00000 rw-p 00000000 00:00 0 
7f1878000000-7f1878021000 rw-p 00000000 00:00 0 
7f1878021000-7f187c000000 ---p 00000000 00:00 0 
7f187c000000-7f187c021000 rw-p 00000000 00:00 0 
7f187c021000-7f1880000000 ---p 00000000 00:00 0 
7f1880000000-7f1880021000 rw-p 00000000 00:00 0 
7f1880021000-7f1884000000 ---p 00000000 00:00 0 
7f1884000000-7f1884021000 rw-p 00000000 00:00 0 
7f1884021000-7f1888000000 ---p 00000000 00:00 0 
7f1888000000-7f18880c9000 rw-p 00000000 00:00 0 
7f18880c9000-7f188c000000 ---p 00000000 00:00 0 
7f188c000000-7f188cad6000 rw-p 00000000 00:00 0 
7f188cad6000-7f1890000000 ---p 00000000 00:00 0 
7f1890000000-7f1890021000 rw-p 00000000 00:00 0 
7f1890021000-7f1894000000 ---p 00000000 00:00 0 
7f1894000000-7f1894021000 rw-p 00000000 00:00 0 
7f1894021000-7f1898000000 ---p 00000000 00:00 0 
7f1898000000-7f1898021000 rw-p 00000000 00:00 0 
7f1898021000-7f189c000000 ---p 00000000 00:00 0 
7f189c000000-7f189c021000 rw-p 00000000 00:00 0 
7f189c021000-7f18a0000000 ---p 00000000 00:00 0 
7f18a0000000-7f18a0021000 rw-p 00000000 00:00 0 
7f18a0021000-7f18a4000000 ---p 00000000 00:00 0 
7f18a4000000-7f18a4021000 rw-p 00000000 00:00 0 
7f18a4021000-7f18a8000000 ---p 00000000 00:00 0 
7f18a8000000-7f18a8111000 rw-p 00000000 00:00 0 
7f18a8111000-7f18ac004000 ---p 00000000 00:00 0 
7f18ac004000-7f18ac100000 rw-p 00000000 00:00 0 
7f18ac100000-7f18ac104000 ---p 00000000 00:00 0 
7f18ac104000-7f18ac200000 rw-p 00000000 00:00 0 
7f18ac300000-7f18ac304000 ---p 00000000 00:00 0 
7f18ac304000-7f18ac400000 rw-p 00000000 00:00 0 
7f18ac500000-7f18ac504000 ---p 00000000 00:00 0 
7f18ac504000-7f18ac600000 rw-p 00000000 00:00 0 
7f18ac700000-7f18ac704000 ---p 00000000 00:00 0 
7f18ac704000-7f18ac800000 rw-p 00000000 00:00 0 
7f18ac900000-7f18ac904000 ---p 00000000 00:00 0 
7f18ac904000-7f18aca00000 rw-p 00000000 00:00 0 
7f18acb00000-7f18acb04000 ---p 00000000 00:00 0 
7f18acb04000-7f18acc00000 rw-p 00000000 00:00 0 
7f18acc00000-7f18acc04000 ---p 00000000 00:00 0 
7f18acc04000-7f18acd00000 rw-p 00000000 00:00 0 
7f18acd00000-7f18acd04000 ---p 00000000 00:00 0 
7f18acd04000-7f18ace00000 rw-p 00000000 00:00 0 
7f18acf00000-7f18acf04000 ---p 00000000 00:00 0 
7f18acf04000-7f18ad000000 rw-p 00000000 00:00 0 
7f18ad000000-7f18af16a000 r-xp 00000000 00:19f9 9223372037562577944      /nix/store/gpxl5qgg8kicmcvivwmybwjlpf7wh20l-graalvm17-ce-22.3.0/lib/libjvmcicompiler.so
7f18af16a000-7f18af369000 ---p 0216a000 00:19f9 9223372037562577944      /nix/store/gpxl5qgg8kicmcvivwmybwjlpf7wh20l-graalvm17-ce-22.3.0/lib/libjvmcicompiler.so
7f18af369000-7f18af36a000 r--p 02169000 00:19f9 9223372037562577944      /nix/store/gpxl5qgg8kicmcvivwmybwjlpf7wh20l-graalvm17-ce-22.3.0/lib/libjvmcicompiler.so
7f18af36a000-7f18af36c000 rw-p 0216a000 00:19f9 9223372037562577944      /nix/store/gpxl5qgg8kicmcvivwmybwjlpf7wh20l-graalvm17-ce-22.3.0/lib/libjvmcicompiler.so
7f18af36c000-7f18af36d000 rw-p 00000000 00:00 0 
7f18af36d000-7f18af372000 rw-p 023c3000 00:19f9 9223372037562577944      /nix/store/gpxl5qgg8kicmcvivwmybwjlpf7wh20l-graalvm17-ce-22.3.0/lib/libjvmcicompiler.so
7f18af3b3000-7f18af3b7000 ---p 00000000 00:00 0 
7f18af3b7000-7f18af4b3000 rw-p 00000000 00:00 0 
7f18af4b3000-7f18af723000 rwxp 00000000 00:00 0 
7f18af723000-7f18afa42000 ---p 00000000 00:00 0 
7f18afa42000-7f18b07f2000 rwxp 00000000 00:00 0 
7f18b07f2000-7f18b6f7a000 ---p 00000000 00:00 0 
7f18b6f7a000-7f18b71ea000 rwxp 00000000 00:00 0 
7f18b71ea000-7f18be4b3000 ---p 00000000 00:00 0 
7f18be4b3000-7f18c8000000 r--s 00000000 00:19f9 9223372037562580485      /nix/store/gpxl5qgg8kicmcvivwmybwjlpf7wh20l-graalvm17-ce-22.3.0/lib/modules
7f18c8000000-7f18c8601000 rw-p 00000000 00:00 0 
7f18c8601000-7f18cc000000 ---p 00000000 00:00 0 
7f18cc000000-7f18cc004000 ---p 00000000 00:00 0 
7f18cc004000-7f18cc100000 rw-p 00000000 00:00 0 
7f18cc200000-7f18cc204000 ---p 00000000 00:00 0 
7f18cc204000-7f18cc300000 rw-p 00000000 00:00 0 
7f18cc400000-7f18cc404000 ---p 00000000 00:00 0 
7f18cc404000-7f18cc500000 rw-p 00000000 00:00 0 
7f18cc505000-7f18cc646000 rw-p 00000000 00:00 0 
7f18cc646000-7f18cc647000 ---p 00000000 00:00 0 
7f18cc647000-7f18cc748000 rw-p 00000000 00:00 0 
7f18cc748000-7f18cc74c000 ---p 00000000 00:00 0 
7f18cc74c000-7f18cc848000 rw-p 00000000 00:00 0 
7f18cc848000-7f18cc84c000 ---p 00000000 00:00 0 
7f18cc84c000-7f18cc948000 rw-p 00000000 00:00 0 
7f18cc948000-7f18cc94c000 ---p 00000000 00:00 0 
7f18cc94c000-7f18cca48000 rw-p 00000000 00:00 0 
7f18cca48000-7f18cca4c000 ---p 00000000 00:00 0 
7f18cca4c000-7f18ccc48000 rw-p 00000000 00:00 0 
7f18ccc48000-7f18ccc4c000 ---p 00000000 00:00 0 
7f18ccc4c000-7f18cce48000 rw-p 00000000 00:00 0 
7f18cce48000-7f18cce4c000 ---p 00000000 00:00 0 
7f18cce4c000-7f18ccf48000 rw-p 00000000 00:00 0 
7f18ccf48000-7f18ccf4c000 ---p 00000000 00:00 0 
7f18ccf4c000-7f18cd048000 rw-p 00000000 00:00 0 
7f18cd048000-7f18cd04c000 ---p 00000000 00:00 0 
7f18cd04c000-7f18cd148000 rw-p 00000000 00:00 0 
7f18cd148000-7f18cd42e000 r--p 00000000 00:19b2 28444448                 /usr/lib/locale/locale-archive
7f18cd42e000-7f18cd432000 ---p 00000000 00:00 0 
7f18cd432000-7f18cd52e000 rw-p 00000000 00:00 0 
7f18cd52e000-7f18cd532000 ---p 00000000 00:00 0 
7f18cd532000-7f18cd62e000 rw-p 00000000 00:00 0 
7f18cd62e000-7f18cd62f000 ---p 00000000 00:00 0 
7f18cd62f000-7f18cd730000 rw-p 00000000 00:00 0 
7f18cd730000-7f18cd7fe000 r-xp 00000000 00:19f9 9223372037562577940      /nix/store/gpxl5qgg8kicmcvivwmybwjlpf7wh20l-graalvm17-ce-22.3.0/lib/libjsvml.so
7f18cd7fe000-7f18cd7ff000 r--p 000cd000 00:19f9 9223372037562577940      /nix/store/gpxl5qgg8kicmcvivwmybwjlpf7wh20l-graalvm17-ce-22.3.0/lib/libjsvml.so
7f18cd7ff000-7f18cd800000 rw-p 000ce000 00:19f9 9223372037562577940      /nix/store/gpxl5qgg8kicmcvivwmybwjlpf7wh20l-graalvm17-ce-22.3.0/lib/libjsvml.so
7f18cd800000-7f18cdc00000 rw-p 00000000 00:00 0 
7f18cdc00000-7f18cdde0000 rw-p 00000000 00:00 0 
7f18cdde0000-7f18cde00000 rw-p 00000000 00:00 0 
7f18cde00000-7f18cdf00000 rw-p 00000000 00:00 0 
7f18cdf00000-7f18ce000000 rw-p 00000000 00:00 0 
7f18ce055000-7f18ce057000 r-xp 00000000 00:19f9 9223372037562577921      /nix/store/gpxl5qgg8kicmcvivwmybwjlpf7wh20l-graalvm17-ce-22.3.0/lib/libextnet.so
7f18ce057000-7f18ce058000 r--p 00001000 00:19f9 9223372037562577921      /nix/store/gpxl5qgg8kicmcvivwmybwjlpf7wh20l-graalvm17-ce-22.3.0/lib/libextnet.so
7f18ce058000-7f18ce059000 rw-p 00002000 00:19f9 9223372037562577921      /nix/store/gpxl5qgg8kicmcvivwmybwjlpf7wh20l-graalvm17-ce-22.3.0/lib/libextnet.so
7f18ce059000-7f18ce05a000 rw-p 00004000 00:19f9 9223372037562577921      /nix/store/gpxl5qgg8kicmcvivwmybwjlpf7wh20l-graalvm17-ce-22.3.0/lib/libextnet.so
7f18ce05a000-7f18ce05e000 ---p 00000000 00:00 0 
7f18ce05e000-7f18ce07c000 rw-p 00000000 00:00 0 
7f18ce07c000-7f18ce083000 r-xp 00000000 00:19f9 9223372037562580484      /nix/store/gpxl5qgg8kicmcvivwmybwjlpf7wh20l-graalvm17-ce-22.3.0/lib/libzip.so
7f18ce083000-7f18ce084000 ---p 00007000 00:19f9 9223372037562580484      /nix/store/gpxl5qgg8kicmcvivwmybwjlpf7wh20l-graalvm17-ce-22.3.0/lib/libzip.so
7f18ce084000-7f18ce085000 r--p 00007000 00:19f9 9223372037562580484      /nix/store/gpxl5qgg8kicmcvivwmybwjlpf7wh20l-graalvm17-ce-22.3.0/lib/libzip.so
7f18ce085000-7f18ce086000 rw-p 00008000 00:19f9 9223372037562580484      /nix/store/gpxl5qgg8kicmcvivwmybwjlpf7wh20l-graalvm17-ce-22.3.0/lib/libzip.so
7f18ce086000-7f18ce088000 rw-p 0000b000 00:19f9 9223372037562580484      /nix/store/gpxl5qgg8kicmcvivwmybwjlpf7wh20l-graalvm17-ce-22.3.0/lib/libzip.so
7f18ce088000-7f18ce09d000 r-xp 00000000 00:19f9 9223372037562580474      /nix/store/gpxl5qgg8kicmcvivwmybwjlpf7wh20l-graalvm17-ce-22.3.0/lib/libnet.so
7f18ce09d000-7f18ce09e000 ---p 00015000 00:19f9 9223372037562580474      /nix/store/gpxl5qgg8kicmcvivwmybwjlpf7wh20l-graalvm17-ce-22.3.0/lib/libnet.so
7f18ce09e000-7f18ce09f000 r--p 00015000 00:19f9 9223372037562580474      /nix/store/gpxl5qgg8kicmcvivwmybwjlpf7wh20l-graalvm17-ce-22.3.0/lib/libnet.so
7f18ce09f000-7f18ce0a0000 rw-p 00016000 00:19f9 9223372037562580474      /nix/store/gpxl5qgg8kicmcvivwmybwjlpf7wh20l-graalvm17-ce-22.3.0/lib/libnet.so
7f18ce0a0000-7f18ce0a3000 rw-p 0001b000 00:19f9 9223372037562580474      /nix/store/gpxl5qgg8kicmcvivwmybwjlpf7wh20l-graalvm17-ce-22.3.0/lib/libnet.so
7f18ce0a3000-7f18ce0b6000 r-xp 00000000 00:19f9 9223372037562580475      /nix/store/gpxl5qgg8kicmcvivwmybwjlpf7wh20l-graalvm17-ce-22.3.0/lib/libnio.so
7f18ce0b6000-7f18ce0b7000 r--p 00012000 00:19f9 9223372037562580475      /nix/store/gpxl5qgg8kicmcvivwmybwjlpf7wh20l-graalvm17-ce-22.3.0/lib/libnio.so
7f18ce0b7000-7f18ce0b8000 rw-p 00013000 00:19f9 9223372037562580475      /nix/store/gpxl5qgg8kicmcvivwmybwjlpf7wh20l-graalvm17-ce-22.3.0/lib/libnio.so
7f18ce0b8000-7f18ce0bd000 rw-p 00019000 00:19f9 9223372037562580475      /nix/store/gpxl5qgg8kicmcvivwmybwjlpf7wh20l-graalvm17-ce-22.3.0/lib/libnio.so
7f18ce0bd000-7f18cf995000 rw-p 00000000 00:00 0 
7f18cf995000-7f18cf996000 ---p 00000000 00:00 0 
7f18cf996000-7f18cfb41000 rw-p 00000000 00:00 0 
7f18cfb41000-7f18cfb89000 rw-p 00000000 00:00 0 
7f18cfb89000-7f18cfb97000 ---p 00000000 00:00 0 
7f18cfb97000-7f18cfb9d000 rw-p 00000000 00:00 0 
7f18cfb9d000-7f18cfc83000 ---p 00000000 00:00 0 
7f18cfc83000-7f18cfc9f000 rw-p 00000000 00:00 0 
7f18cfc9f000-7f18cfd6e000 ---p 00000000 00:00 0 
7f18cfd6e000-7f18cfd73000 rw-p 00000000 00:00 0 
7f18cfd73000-7f18cfd7a000 ---p 00000000 00:00 0 
7f18cfd7a000-7f18cfd9e000 r-xp 00000000 00:19f9 9223372037562577932      /nix/store/gpxl5qgg8kicmcvivwmybwjlpf7wh20l-graalvm17-ce-22.3.0/lib/libjava.so
7f18cfd9e000-7f18cfd9f000 ---p 00024000 00:19f9 9223372037562577932      /nix/store/gpxl5qgg8kicmcvivwmybwjlpf7wh20l-graalvm17-ce-22.3.0/lib/libjava.so
7f18cfd9f000-7f18cfda0000 r--p 00024000 00:19f9 9223372037562577932      /nix/store/gpxl5qgg8kicmcvivwmybwjlpf7wh20l-graalvm17-ce-22.3.0/lib/libjava.so
7f18cfda0000-7f18cfda1000 rw-p 00025000 00:19f9 9223372037562577932      /nix/store/gpxl5qgg8kicmcvivwmybwjlpf7wh20l-graalvm17-ce-22.3.0/lib/libjava.so
7f18cfda1000-7f18cfda2000 rw-p 00000000 00:00 0 
7f18cfda2000-7f18cfda9000 rw-p 0002f000 00:19f9 9223372037562577932      /nix/store/gpxl5qgg8kicmcvivwmybwjlpf7wh20l-graalvm17-ce-22.3.0/lib/libjava.so
7f18cfda9000-7f18cfdb1000 rw-s 00000000 00:46a 350                       /tmp/hsperfdata_runner/21
7f18cfdb1000-7f18cfdb2000 ---p 00000000 00:00 0 
7f18cfdb2000-7f18cfdb3000 r--p 00000000 00:00 0 
7f18cfdb3000-7f18cfdb4000 rwxp 00000000 00:00 0 
7f18cfdb4000-7f18cfdcf000 r-xp 00000000 00:19f9 9223372037562577936      /nix/store/gpxl5qgg8kicmcvivwmybwjlpf7wh20l-graalvm17-ce-22.3.0/lib/libjimage.so
7f18cfdcf000-7f18cfdd0000 ---p 0001b000 00:19f9 9223372037562577936      /nix/store/gpxl5qgg8kicmcvivwmybwjlpf7wh20l-graalvm17-ce-22.3.0/lib/libjimage.so
7f18cfdd0000-7f18cfdd2000 r--p 0001b000 00:19f9 9223372037562577936      /nix/store/gpxl5qgg8kicmcvivwmybwjlpf7wh20l-graalvm17-ce-22.3.0/lib/libjimage.so
7f18cfdd2000-7f18cfdd3000 rw-p 0001d000 00:19f9 9223372037562577936      /nix/store/gpxl5qgg8kicmcvivwmybwjlpf7wh20l-graalvm17-ce-22.3.0/lib/libjimage.so
7f18cfdd3000-7f18cfdd4000 rw-p 00024000 00:19f9 9223372037562577936      /nix/store/gpxl5qgg8kicmcvivwmybwjlpf7wh20l-graalvm17-ce-22.3.0/lib/libjimage.so
7f18cfdd4000-7f18cfdd8000 ---p 00000000 00:00 0 
7f18cfdd8000-7f18cfed4000 rw-p 00000000 00:00 0 
7f18cfed4000-7f18cfee2000 r--p 00000000 00:19f9 9223372037455367831      /nix/store/4nlgxhb09sdr51nc9hdm8az5b08vzkgx-glibc-2.35-163/lib/libm.so.6
7f18cfee2000-7f18cff55000 r-xp 0000e000 00:19f9 9223372037455367831      /nix/store/4nlgxhb09sdr51nc9hdm8az5b08vzkgx-glibc-2.35-163/lib/libm.so.6
7f18cff55000-7f18cffb2000 r--p 00081000 00:19f9 9223372037455367831      /nix/store/4nlgxhb09sdr51nc9hdm8az5b08vzkgx-glibc-2.35-163/lib/libm.so.6
7f18cffb2000-7f18cffb3000 r--p 000dd000 00:19f9 9223372037455367831      /nix/store/4nlgxhb09sdr51nc9hdm8az5b08vzkgx-glibc-2.35-163/lib/libm.so.6
7f18cffb3000-7f18cffb4000 rw-p 000de000 00:19f9 9223372037455367831      /nix/store/4nlgxhb09sdr51nc9hdm8az5b08vzkgx-glibc-2.35-163/lib/libm.so.6
7f18cffb4000-7f18cffb5000 r--p 00000000 00:19f9 9223372037455367850      /nix/store/4nlgxhb09sdr51nc9hdm8az5b08vzkgx-glibc-2.35-163/lib/librt.so.1
7f18cffb5000-7f18cffb6000 r-xp 00001000 00:19f9 9223372037455367850      /nix/store/4nlgxhb09sdr51nc9hdm8az5b08vzkgx-glibc-2.35-163/lib/librt.so.1
7f18cffb6000-7f18cffb7000 r--p 00002000 00:19f9 9223372037455367850      /nix/store/4nlgxhb09sdr51nc9hdm8az5b08vzkgx-glibc-2.35-163/lib/librt.so.1
7f18cffb7000-7f18cffb8000 r--p 00002000 00:19f9 9223372037455367850      /nix/store/4nlgxhb09sdr51nc9hdm8az5b08vzkgx-glibc-2.35-163/lib/librt.so.1
7f18cffb8000-7f18cffb9000 rw-p 00003000 00:19f9 9223372037455367850      /nix/store/4nlgxhb09sdr51nc9hdm8az5b08vzkgx-glibc-2.35-163/lib/librt.so.1
7f18cffb9000-7f18d10cc000 r-xp 00000000 00:19f9 9223372037562748770      /nix/store/gpxl5qgg8kicmcvivwmybwjlpf7wh20l-graalvm17-ce-22.3.0/lib/server/libjvm.so
7f18d10cc000-7f18d10cd000 ---p 01113000 00:19f9 9223372037562748770      /nix/store/gpxl5qgg8kicmcvivwmybwjlpf7wh20l-graalvm17-ce-22.3.0/lib/server/libjvm.so
7f18d10cd000-7f18d1182000 r--p 01113000 00:19f9 9223372037562748770      /nix/store/gpxl5qgg8kicmcvivwmybwjlpf7wh20l-graalvm17-ce-22.3.0/lib/server/libjvm.so
7f18d1182000-7f18d11b6000 rw-p 011c8000 00:19f9 9223372037562748770      /nix/store/gpxl5qgg8kicmcvivwmybwjlpf7wh20l-graalvm17-ce-22.3.0/lib/server/libjvm.so
7f18d11b6000-7f18d1212000 rw-p 00000000 00:00 0 
7f18d1212000-7f18d123a000 r--p 00000000 00:19f9 9223372037455367822      /nix/store/4nlgxhb09sdr51nc9hdm8az5b08vzkgx-glibc-2.35-163/lib/libc.so.6
7f18d123a000-7f18d13b0000 r-xp 00028000 00:19f9 9223372037455367822      /nix/store/4nlgxhb09sdr51nc9hdm8az5b08vzkgx-glibc-2.35-163/lib/libc.so.6
7f18d13b0000-7f18d1408000 r--p 0019e000 00:19f9 9223372037455367822      /nix/store/4nlgxhb09sdr51nc9hdm8az5b08vzkgx-glibc-2.35-163/lib/libc.so.6
7f18d1408000-7f18d140c000 r--p 001f6000 00:19f9 9223372037455367822      /nix/store/4nlgxhb09sdr51nc9hdm8az5b08vzkgx-glibc-2.35-163/lib/libc.so.6
7f18d140c000-7f18d140e000 rw-p 001fa000 00:19f9 9223372037455367822      /nix/store/4nlgxhb09sdr51nc9hdm8az5b08vzkgx-glibc-2.35-163/lib/libc.so.6
7f18d140e000-7f18d141d000 rw-p 00000000 00:00 0 
7f18d141d000-7f18d141e000 r--p 00000000 00:19f9 9223372037455367827      /nix/store/4nlgxhb09sdr51nc9hdm8az5b08vzkgx-glibc-2.35-163/lib/libdl.so.2
7f18d141e000-7f18d141f000 r-xp 00001000 00:19f9 9223372037455367827      /nix/store/4nlgxhb09sdr51nc9hdm8az5b08vzkgx-glibc-2.35-163/lib/libdl.so.2
7f18d141f000-7f18d1420000 r--p 00002000 00:19f9 9223372037455367827      /nix/store/4nlgxhb09sdr51nc9hdm8az5b08vzkgx-glibc-2.35-163/lib/libdl.so.2
7f18d1420000-7f18d1421000 r--p 00002000 00:19f9 9223372037455367827      /nix/store/4nlgxhb09sdr51nc9hdm8az5b08vzkgx-glibc-2.35-163/lib/libdl.so.2
7f18d1421000-7f18d1422000 rw-p 00003000 00:19f9 9223372037455367827      /nix/store/4nlgxhb09sdr51nc9hdm8az5b08vzkgx-glibc-2.35-163/lib/libdl.so.2
7f18d1422000-7f18d1423000 r--p 00000000 00:19f9 9223372037455367846      /nix/store/4nlgxhb09sdr51nc9hdm8az5b08vzkgx-glibc-2.35-163/lib/libpthread.so.0
7f18d1423000-7f18d1424000 r-xp 00001000 00:19f9 9223372037455367846      /nix/store/4nlgxhb09sdr51nc9hdm8az5b08vzkgx-glibc-2.35-163/lib/libpthread.so.0
7f18d1424000-7f18d1425000 r--p 00002000 00:19f9 9223372037455367846      /nix/store/4nlgxhb09sdr51nc9hdm8az5b08vzkgx-glibc-2.35-163/lib/libpthread.so.0
7f18d1425000-7f18d1426000 r--p 00002000 00:19f9 9223372037455367846      /nix/store/4nlgxhb09sdr51nc9hdm8az5b08vzkgx-glibc-2.35-163/lib/libpthread.so.0
7f18d1426000-7f18d1427000 rw-p 00003000 00:19f9 9223372037455367846      /nix/store/4nlgxhb09sdr51nc9hdm8az5b08vzkgx-glibc-2.35-163/lib/libpthread.so.0
7f18d1427000-7f18d1435000 r-xp 00000000 00:19f9 9223372037562577937      /nix/store/gpxl5qgg8kicmcvivwmybwjlpf7wh20l-graalvm17-ce-22.3.0/lib/libjli.so
7f18d1435000-7f18d1436000 ---p 0000e000 00:19f9 9223372037562577937      /nix/store/gpxl5qgg8kicmcvivwmybwjlpf7wh20l-graalvm17-ce-22.3.0/lib/libjli.so
7f18d1436000-7f18d1437000 r--p 0000e000 00:19f9 9223372037562577937      /nix/store/gpxl5qgg8kicmcvivwmybwjlpf7wh20l-graalvm17-ce-22.3.0/lib/libjli.so
7f18d1437000-7f18d1438000 rw-p 0000f000 00:19f9 9223372037562577937      /nix/store/gpxl5qgg8kicmcvivwmybwjlpf7wh20l-graalvm17-ce-22.3.0/lib/libjli.so
7f18d1438000-7f18d1439000 rw-p 00012000 00:19f9 9223372037562577937      /nix/store/gpxl5qgg8kicmcvivwmybwjlpf7wh20l-graalvm17-ce-22.3.0/lib/libjli.so
7f18d1439000-7f18d143c000 r--p 00000000 00:19f9 9223372037533597975      /nix/store/026hln0aq1hyshaxsdvhg0kmcm6yf45r-zlib-1.2.13/lib/libz.so.1.2.13
7f18d143c000-7f18d144e000 r-xp 00003000 00:19f9 9223372037533597975      /nix/store/026hln0aq1hyshaxsdvhg0kmcm6yf45r-zlib-1.2.13/lib/libz.so.1.2.13
7f18d144e000-7f18d1455000 r--p 00015000 00:19f9 9223372037533597975      /nix/store/026hln0aq1hyshaxsdvhg0kmcm6yf45r-zlib-1.2.13/lib/libz.so.1.2.13
7f18d1455000-7f18d1456000 r--p 0001b000 00:19f9 9223372037533597975      /nix/store/026hln0aq1hyshaxsdvhg0kmcm6yf45r-zlib-1.2.13/lib/libz.so.1.2.13
7f18d1456000-7f18d1457000 rw-p 0001c000 00:19f9 9223372037533597975      /nix/store/026hln0aq1hyshaxsdvhg0kmcm6yf45r-zlib-1.2.13/lib/libz.so.1.2.13
7f18d1457000-7f18d1459000 rw-p 00000000 00:00 0 
7f18d1459000-7f18d145b000 r--p 00000000 00:19f9 9223372037455367816      /nix/store/4nlgxhb09sdr51nc9hdm8az5b08vzkgx-glibc-2.35-163/lib/ld-linux-x86-64.so.2
7f18d145b000-7f18d1482000 r-xp 00002000 00:19f9 9223372037455367816      /nix/store/4nlgxhb09sdr51nc9hdm8az5b08vzkgx-glibc-2.35-163/lib/ld-linux-x86-64.so.2
7f18d1482000-7f18d148e000 r--p 00029000 00:19f9 9223372037455367816      /nix/store/4nlgxhb09sdr51nc9hdm8az5b08vzkgx-glibc-2.35-163/lib/ld-linux-x86-64.so.2
7f18d148e000-7f18d1490000 r--p 00034000 00:19f9 9223372037455367816      /nix/store/4nlgxhb09sdr51nc9hdm8az5b08vzkgx-glibc-2.35-163/lib/ld-linux-x86-64.so.2
7f18d1490000-7f18d1492000 rw-p 00036000 00:19f9 9223372037455367816      /nix/store/4nlgxhb09sdr51nc9hdm8az5b08vzkgx-glibc-2.35-163/lib/ld-linux-x86-64.so.2
7ffe3e29d000-7ffe3e2c1000 rw-p 00000000 00:00 0                          [stack]
7ffe3e3e2000-7ffe3e3e6000 r--p 00000000 00:00 0                          [vvar]
7ffe3e3e6000-7ffe3e3e8000 r-xp 00000000 00:00 0                          [vdso]
ffffffffff600000-ffffffffff601000 --xp 00000000 00:00 0                  [vsyscall]


VM Arguments:
jvm_args: -XX:ThreadPriorityPolicy=1 -XX:+UnlockExperimentalVMOptions -XX:+EnableJVMCIProduct -XX:JVMCIThreadsPerNativeLibraryRuntime=1 -XX:-UnlockExperimentalVMOptions -Declipse.application=org.eclipse.jdt.ls.core.id1 -Dosgi.bundles.defaultStartLevel=4 -Declipse.product=org.eclipse.jdt.ls.core.product -Dlog.level=ALL -Xverify:none -XX:+UseParallelGC -XX:GCTimeRatio=4 -XX:AdaptiveSizePolicyWeight=90 -Dsun.zip.disableMemoryMapping=true -Xmx512m -Xms100m 
java_command: /nix/store/m6gcpi1ii6rghy04cjwjddcavv7i90df-jdt-language-server-1.9.0/share/java/plugins/org.eclipse.equinox.launcher_1.6.400.v20210924-0641.jar --add-modules=ALL-SYSTEM --add-opens java.base/java.util=ALL-UNNAMED --add-opens java.base/java.lang=ALL-UNNAMED -configuration /home/runner/.cache/jdt-language-server/config -data /home/runner/.cache/jdt-language-server/data/home/runner/Connect4V3
java_class_path (initial): /nix/store/m6gcpi1ii6rghy04cjwjddcavv7i90df-jdt-language-server-1.9.0/share/java/plugins/org.eclipse.equinox.launcher_1.6.400.v20210924-0641.jar
Launcher Type: SUN_STANDARD

[Global flags]
    uintx AdaptiveSizePolicyWeight                 = 90                                        {product} {command line}
     intx CICompilerCount                          = 2                                         {product} {ergonomic}
     bool EnableJVMCIProduct                       = true                                {JVMCI product} {jimage}
    uintx GCTimeRatio                              = 4                                         {product} {command line}
   size_t InitialHeapSize                          = 104857600                                 {product} {command line}
     uint JVMCIThreadsPerNativeLibraryRuntime      = 1                                   {JVMCI product} {jimage}
   size_t MaxHeapSize                              = 536870912                                 {product} {command line}
   size_t MaxNewSize                               = 178782208                                 {product} {ergonomic}
   size_t MinHeapDeltaBytes                        = 524288                                    {product} {ergonomic}
   size_t MinHeapSize                              = 104857600                                 {product} {command line}
   size_t NewSize                                  = 34603008                                  {product} {ergonomic}
    uintx NonNMethodCodeHeapSize                   = 5826188                                {pd product} {ergonomic}
    uintx NonProfiledCodeHeapSize                  = 122916026                              {pd product} {ergonomic}
   size_t OldSize                                  = 70254592                                  {product} {ergonomic}
    uintx ProfiledCodeHeapSize                     = 122916026                              {pd product} {ergonomic}
    uintx ReservedCodeCacheSize                    = 251658240                              {pd product} {ergonomic}
     bool SegmentedCodeCache                       = true                                      {product} {ergonomic}
   size_t SoftMaxHeapSize                          = 536870912                              {manageable} {ergonomic}
     intx ThreadPriorityPolicy                     = 1                                         {product} {jimage}
     bool UseCompressedClassPointers               = true                           {product lp64_product} {ergonomic}
     bool UseCompressedOops                        = true                           {product lp64_product} {ergonomic}
     bool UseParallelGC                            = true                                      {product} {command line}

Logging:
Log output configuration:
 #0: stdout all=warning uptime,level,tags
 #1: stderr all=off uptime,level,tags

Environment Variables:
JAVA_HOME=/nix/store/gpxl5qgg8kicmcvivwmybwjlpf7wh20l-graalvm17-ce-22.3.0
PATH=/nix/store/1d6ian3r8kdzspw8hacjhl3xkp40g1lj-binutils-wrapper-2.39/bin:/nix/store/dq0xwmsk1g0i2ayg6pb7y87na2knzylh-gcc-wrapper-11.3.0/bin:/nix/store/bap4d0lpcrhpwmpb8ayjcgkmvfj62lnq-bash-interactive-5.1-p16/bin:/nix/store/pr5n59mb4jzmfx6kanwxly0l07p861fg-patchelf-0.15.0/bin:/nix/store/1gf2flfqnpqbr1b4p4qz2f72y42bs56r-gcc-11.3.0/bin:/nix/store/57xv61c5zi8pphjbcwxxjlgc34p61ic9-glibc-2.35-163-bin/bin:/nix/store/a7gvj343m05j2s32xcnwr35v31ynlypr-coreutils-9.1/bin:/nix/store/039g378vc3pc3dvi9dzdlrd0i4q93qwf-binutils-2.39/bin:/nix/store/gpxl5qgg8kicmcvivwmybwjlpf7wh20l-graalvm17-ce-22.3.0/bin:/nix/store/6z9ag3ihc8mq2hzsw48lhbznvzny65nz-apache-maven-3.8.6/bin:/nix/store/m6gcpi1ii6rghy04cjwjddcavv7i90df-jdt-language-server-1.9.0/bin:/nix/store/84xs5alhs01zrbr4ywm05kxbjbp5590l-java-debug/bin:/nix/store/mydc6f4k2z73xlcz7ilif3v2lcaiqvza-findutils-4.9.0/bin:/nix/store/j9p3g8472iijd50vhdprx0nmk2fqn5gv-diffutils-3.8/bin:/nix/store/89zs7rms6x00xfq4dq6m7mjnhkr8a6r4-gnused-4.8/bin:/nix/store/86bp03jkmsl6f92w0yzg4s59g5mhxwmy-gnugrep-3.7/bin:/nix/store/hwcdqw4jrjnd37wxqgsd47hd0j8bnj09-gawk-5.1.1/bin:/nix/store/cfbhw8r8ags41vwqaz47r583d0p4h4a1-gnutar-1.34/bin:/nix/store/p3m1ndl1lapwrlh698bnb5lvvxh67378-gzip-1.12/bin:/nix/store/a8mhcagrsly7c7mpjrpsnaahk4aax056-bzip2-1.0.8-bin/bin:/nix/store/mblgz65m3zv9x548a3d5m96fj2pbwr09-gnumake-4.3/bin:/nix/store/dsd5gz46hdbdk2rfdimqddhq6m8m8fqs-bash-5.1-p16/bin:/nix/store/v7ljksji50mg3w61dykaa3n3y79n6nil-patch-2.7.6/bin:/nix/store/zlcnmqq14jz5x9439jf937mvayyl63da-xz-5.2.7-bin/bin:/nix/store/y6aj732zm9m87c82fpvf103a1xb22blp-file-5.43/bin:/nix/store/sgqd0ajghcv2axfl1lad0b1alyavp0dc-prybar-elisp-0.0.0-67f7a00/bin:/nix/store/p3hsvljpgs68jqwar41lc0jqhjj734lf-prybar-lua-0.0.0-67f7a00/bin:/nix/store/qzxs2gybds3s9kb1vkaflpgm2nwr85fh-prybar-python3-0.0.0-67f7a00/bin:/nix/store/km94z9mxp8w4m8gxxp5mbfpdf3nkfvd8-prybar-sqlite-0.0.0-67f7a00/bin:/nix/store/2pnc7b76asw0z59c4l6h6qy8arwqrii1-prybar-tcl-0.0.0-67f7a00/bin:/nix/store/hpbvrlwd5viqmvcaisb3x0118i913a9n-st
LD_LIBRARY_PATH=/nix/store/a4pff549sk2idnkpzk5nsfps3mdkdnvm-cups-2.4.2-lib/lib:/nix/store/72mqxxhh3cy5yifh92wh2yb8cl2hikyy-cairo-1.16.0/lib:/nix/store/2k366jrbsra97gjfxwvrhvixjfxdach5-glib-2.74.1/lib:/nix/store/2j2znigd8ak37rlwh9khz0ry3clqlw1l-gtk+3-3.24.34/lib:/nix/store/hisqvx32cd57apbpcsnkpx6k3549wql1-libglvnd-1.4.0/lib:/nix/store/p36pgcv991mq5srvg765b78yqpxvk3qs-mesa-21.3.3-drivers/lib:/nix/store/mav4251if1ahjq5vkpwycyyvnmy459c4-pulseaudio-14.2/lib
DISPLAY=:0
LANG=en_US.UTF-8

Signal Handlers:
   SIGSEGV: crash_handler in libjvm.so, mask=11100100010111111101111111111110, flags=SA_RESTART|SA_SIGINFO
    SIGBUS: crash_handler in libjvm.so, mask=11100100010111111101111111111110, flags=SA_RESTART|SA_SIGINFO
    SIGFPE: crash_handler in libjvm.so, mask=11100100010111111101111111111110, flags=SA_RESTART|SA_SIGINFO
   SIGPIPE: IsolateEnterStub_IgnoreSIGPIPEStartupHook_noopSignalHandler_8f19bff2f35b5f630d83b364d6b2339320d4ec70_216e8361c6bc87a8f89f58cc10d3b2fd4415bf87 in libjvmcicompiler.so, mask=00000000000000000000000000000000, flags=SA_RESTART
  *** Handler was modified!
  *** Expected: javaSignalHandler in libjvm.so, mask=11100100110111111111111111111110, flags=SA_RESTART|SA_SIGINFO
   SIGXFSZ: javaSignalHandler in libjvm.so, mask=11100100010111111101111111111110, flags=SA_RESTART|SA_SIGINFO
    SIGILL: crash_handler in libjvm.so, mask=11100100010111111101111111111110, flags=SA_RESTART|SA_SIGINFO
   SIGUSR2: SR_handler in libjvm.so, mask=00000000000000000000000000000000, flags=SA_RESTART|SA_SIGINFO
    SIGHUP: UserHandler in libjvm.so, mask=11100100010111111101111111111110, flags=SA_RESTART|SA_SIGINFO
    SIGINT: UserHandler in libjvm.so, mask=11100100010111111101111111111110, flags=SA_RESTART|SA_SIGINFO
   SIGTERM: UserHandler in libjvm.so, mask=11100100010111111101111111111110, flags=SA_RESTART|SA_SIGINFO
   SIGQUIT: UserHandler in libjvm.so, mask=11100100010111111101111111111110, flags=SA_RESTART|SA_SIGINFO
  *** Handler was modified!
  *** Expected: javaSignalHandler in libjvm.so, mask=11100100110111111111111111111110, flags=SA_RESTART|SA_SIGINFO
   SIGTRAP: crash_handler in libjvm.so, mask=11100100010111111101111111111110, flags=SA_RESTART|SA_SIGINFO


---------------  S Y S T E M  ---------------

OS:
DISTRIB_ID=Ubuntu
DISTRIB_RELEASE=20.04
DISTRIB_CODENAME=focal
DISTRIB_DESCRIPTION="Ubuntu 20.04.2 LTS"
uname: Linux 5.15.0-1027-gcp #34~20.04.1-Ubuntu SMP Mon Jan 9 18:40:09 UTC 2023 x86_64
OS uptime: 0 days 6:07 hours
libc: glibc 2.35 NPTL 2.35 
rlimit (soft/hard): STACK 8192k/infinity , CORE infinity/infinity , NPROC infinity/infinity , NOFILE 5242/5242 , AS infinity/infinity , CPU infinity/infinity , DATA infinity/infinity , FSIZE infinity/infinity , MEMLOCK 64k/64k
load average: 15.58 15.68 16.15

/proc/meminfo:
MemTotal:       65852736 kB
MemFree:        26793028 kB
MemAvailable:   48312200 kB
Buffers:         1893696 kB
Cached:         18434208 kB
SwapCached:            0 kB
Active:          8069208 kB
Inactive:       26523216 kB
Active(anon):      18960 kB
Inactive(anon): 13794152 kB
Active(file):    8050248 kB
Inactive(file): 12729064 kB
Unevictable:       43448 kB
Mlocked:           43448 kB
SwapTotal:             0 kB
SwapFree:              0 kB
Dirty:              2508 kB
Writeback:             0 kB
AnonPages:      13396100 kB
Mapped:          2270900 kB
Shmem:             55488 kB
KReclaimable:    1466460 kB
Slab:            3432916 kB
SReclaimable:    1466460 kB
SUnreclaim:      1966456 kB
KernelStack:      400356 kB
PageTables:       191344 kB
NFS_Unstable:          0 kB
Bounce:                0 kB
WritebackTmp:          0 kB
CommitLimit:    32926368 kB
Committed_AS:   66177048 kB
VmallocTotal:   34359738367 kB
VmallocUsed:      447608 kB
VmallocChunk:          0 kB
Percpu:            71808 kB
HardwareCorrupted:     0 kB
AnonHugePages:    342016 kB
ShmemHugePages:        0 kB
ShmemPmdMapped:        0 kB
FileHugePages:         0 kB
FilePmdMapped:         0 kB
HugePages_Total:       0
HugePages_Free:        0
HugePages_Rsvd:        0
HugePages_Surp:        0
Hugepagesize:       2048 kB
Hugetlb:               0 kB
DirectMap4k:     4531008 kB
DirectMap2M:    44748800 kB
DirectMap1G:    19922944 kB

/sys/kernel/mm/transparent_hugepage/enabled: always [madvise] never
/sys/kernel/mm/transparent_hugepage/defrag (defrag/compaction efforts parameter): always defer defer+madvise [madvise] never

Process Memory:
Virtual Size: 4455512K (peak: 4492092K)
Resident Set Size: 800972K (peak: 835700K) (anon: 604268K, file: 196704K, shmem: 0K)
Swapped out: 0K
C-Heap outstanding allocations: 40314K, retained: 13261K
glibc malloc tunables: (default)

/proc/sys/kernel/threads-max (system-wide limit on the number of threads): 514406
/proc/sys/vm/max_map_count (maximum number of memory map areas a process may have): 65530
/proc/sys/kernel/pid_max (system-wide limit on number of process identifiers): 4194304

container (cgroup) information:
container_type: cgroupv1
cpu_cpuset_cpus: 2-7
cpu_memory_nodes: 0
active_processor_count: 1
cpu_quota: 50000
cpu_period: 100000
cpu_shares: 512
memory_limit_in_bytes: 1048576 k
memory_and_swap_limit_in_bytes: 1048576 k
memory_soft_limit_in_bytes: 524288 k
memory_usage_in_bytes: 638392 k
memory_max_usage_in_bytes: 667924 k
maximum number of tasks: 1000
current number of tasks: 45

KVM virtualization detected
Steal ticks since vm start: 0
Steal ticks percentage since vm start:  0.000

CPU: total 8 (initial active 1) (8 cores per cpu, 2 threads per core) family 23 model 49 stepping 0 microcode 0xffffffff, cx8, cmov, fxsr, ht, mmx, 3dnowpref, sse, sse2, sse3, ssse3, sse4a, sse4.1, sse4.2, popcnt, lzcnt, tsc, tscinvbit, avx, avx2, aes, clmul, bmi1, bmi2, adx, sha, fma, vzeroupper, clflush, clflushopt, hv
CPU Model and flags from /proc/cpuinfo:
model name	: AMD EPYC 7B12
flags		: fpu vme de pse tsc msr pae mce cx8 apic sep mtrr pge mca cmov pat pse36 clflush mmx fxsr sse sse2 ht syscall nx mmxext fxsr_opt pdpe1gb rdtscp lm constant_tsc rep_good nopl nonstop_tsc cpuid extd_apicid tsc_known_freq pni pclmulqdq ssse3 fma cx16 sse4_1 sse4_2 movbe popcnt aes xsave avx f16c rdrand hypervisor lahf_lm cmp_legacy cr8_legacy abm sse4a misalignsse 3dnowprefetch osvw topoext ssbd ibrs ibpb stibp vmmcall fsgsbase tsc_adjust bmi1 avx2 smep bmi2 rdseed adx smap clflushopt clwb sha_ni xsaveopt xsavec xgetbv1 clzero xsaveerptr arat npt nrip_save umip rdpid

Online cpus: 0-7
Offline cpus: 
BIOS frequency limitation: <Not Available>
Frequency switch latency (ns): <Not Available>
Available cpu frequencies: <Not Available>
Current governor: <Not Available>
Core performance/turbo boost: <Not Available>

Memory: 4k page, physical 1048576k(409916k free), swap 0k(0k free)
Page Sizes: 4k

vm_info: OpenJDK 64-Bit Server VM (17.0.5+8-jvmci-22.3-b08) for linux-amd64 JRE (17.0.5+8-jvmci-22.3-b08), built on Oct 19 2022 09:01:27 by "buildslave" with gcc 10.3.0

END.
